[    0.000000] Linux version 4.15.0-212-generic (buildd@lcy02-amd64-083) (gcc version 7.5.0 (Ubuntu 7.5.0-3ubuntu1~18.04)) #223-Ubuntu SMP Tue May 23 13:09:22 UTC 2023 (Ubuntu 4.15.0-212.223-generic 4.15.18)
[    0.000000] Command line: BOOT_IMAGE=/boot/vmlinuz-4.15.0-212-generic root=LABEL=cloudimg-rootfs ro console=tty1 console=ttyS0
[    0.000000] KERNEL supported cpus:
[    0.000000]   Intel GenuineIntel
[    0.000000]   AMD AuthenticAMD
[    0.000000]   Centaur CentaurHauls
[    0.000000] [Firmware Bug]: TSC doesn't count with P0 frequency!
[    0.000000] x86/fpu: Supporting XSAVE feature 0x001: 'x87 floating point registers'
[    0.000000] x86/fpu: Supporting XSAVE feature 0x002: 'SSE registers'
[    0.000000] x86/fpu: Supporting XSAVE feature 0x004: 'AVX registers'
[    0.000000] x86/fpu: xstate_offset[2]:  576, xstate_sizes[2]:  256
[    0.000000] x86/fpu: Enabled xstate features 0x7, context size is 832 bytes, using 'standard' format.
[    0.000000] e820: BIOS-provided physical RAM map:
[    0.000000] BIOS-e820: [mem 0x0000000000000000-0x000000000009fbff] usable
[    0.000000] BIOS-e820: [mem 0x000000000009fc00-0x000000000009ffff] reserved
[    0.000000] BIOS-e820: [mem 0x00000000000f0000-0x00000000000fffff] reserved
[    0.000000] BIOS-e820: [mem 0x0000000000100000-0x00000000dffeffff] usable
[    0.000000] BIOS-e820: [mem 0x00000000dfff0000-0x00000000dfffffff] ACPI data
[    0.000000] BIOS-e820: [mem 0x00000000fec00000-0x00000000fec00fff] reserved
[    0.000000] BIOS-e820: [mem 0x00000000fee00000-0x00000000fee00fff] reserved
[    0.000000] BIOS-e820: [mem 0x00000000fffc0000-0x00000000ffffffff] reserved
[    0.000000] BIOS-e820: [mem 0x0000000100000000-0x000000021fffffff] usable
[    0.000000] NX (Execute Disable) protection: active
[    0.000000] SMBIOS 2.5 present.
[    0.000000] DMI: innotek GmbH VirtualBox/VirtualBox, BIOS VirtualBox 12/01/2006
[    0.000000] Hypervisor detected: KVM
[    0.000000] e820: last_pfn = 0x220000 max_arch_pfn = 0x400000000
[    0.000000] MTRR: Disabled
[    0.000000] x86/PAT: MTRRs disabled, skipping PAT initialization too.
[    0.000000] CPU MTRRs all blank - virtualized system.
[    0.000000] x86/PAT: Configuration [0-7]: WB  WT  UC- UC  WB  WT  UC- UC  
[    0.000000] e820: last_pfn = 0xdfff0 max_arch_pfn = 0x400000000
[    0.000000] found SMP MP-table at [mem 0x0009fff0-0x0009ffff]
[    0.000000] Scanning 1 areas for low memory corruption
[    0.000000] RAMDISK: [mem 0x359cb000-0x36cdcfff]
[    0.000000] ACPI: Early table checksum verification disabled
[    0.000000] ACPI: RSDP 0x00000000000E0000 000024 (v02 VBOX  )
[    0.000000] ACPI: XSDT 0x00000000DFFF0030 00003C (v01 VBOX   VBOXXSDT 00000001 ASL  00000061)
[    0.000000] ACPI: FACP 0x00000000DFFF00F0 0000F4 (v04 VBOX   VBOXFACP 00000001 ASL  00000061)
[    0.000000] ACPI: DSDT 0x00000000DFFF0620 002353 (v02 VBOX   VBOXBIOS 00000002 INTL 20100528)
[    0.000000] ACPI: FACS 0x00000000DFFF0200 000040
[    0.000000] ACPI: FACS 0x00000000DFFF0200 000040
[    0.000000] ACPI: APIC 0x00000000DFFF0240 00006C (v02 VBOX   VBOXAPIC 00000001 ASL  00000061)
[    0.000000] ACPI: SSDT 0x00000000DFFF02B0 00036C (v01 VBOX   VBOXCPUT 00000002 INTL 20100528)
[    0.000000] ACPI: Reserving FACP table memory at [mem 0xdfff00f0-0xdfff01e3]
[    0.000000] ACPI: Reserving DSDT table memory at [mem 0xdfff0620-0xdfff2972]
[    0.000000] ACPI: Reserving FACS table memory at [mem 0xdfff0200-0xdfff023f]
[    0.000000] ACPI: Reserving FACS table memory at [mem 0xdfff0200-0xdfff023f]
[    0.000000] ACPI: Reserving APIC table memory at [mem 0xdfff0240-0xdfff02ab]
[    0.000000] ACPI: Reserving SSDT table memory at [mem 0xdfff02b0-0xdfff061b]
[    0.000000] No NUMA configuration found
[    0.000000] Faking a node at [mem 0x0000000000000000-0x000000021fffffff]
[    0.000000] NODE_DATA(0) allocated [mem 0x21ffd1000-0x21fffbfff]
[    0.000000] kvm-clock: cpu 0, msr 2:1ff50001, primary cpu clock
[    0.000000] kvm-clock: Using msrs 4b564d01 and 4b564d00
[    0.000000] kvm-clock: using sched offset of 2964383857 cycles
[    0.000000] clocksource: kvm-clock: mask: 0xffffffffffffffff max_cycles: 0x1cd42e4dffb, max_idle_ns: 881590591483 ns
[    0.000000] Zone ranges:
[    0.000000]   DMA      [mem 0x0000000000001000-0x0000000000ffffff]
[    0.000000]   DMA32    [mem 0x0000000001000000-0x00000000ffffffff]
[    0.000000]   Normal   [mem 0x0000000100000000-0x000000021fffffff]
[    0.000000]   Device   empty
[    0.000000] Movable zone start for each node
[    0.000000] Early memory node ranges
[    0.000000]   node   0: [mem 0x0000000000001000-0x000000000009efff]
[    0.000000]   node   0: [mem 0x0000000000100000-0x00000000dffeffff]
[    0.000000]   node   0: [mem 0x0000000100000000-0x000000021fffffff]
[    0.000000] Reserved but unavailable: 104 pages
[    0.000000] Initmem setup node 0 [mem 0x0000000000001000-0x000000021fffffff]
[    0.000000] ACPI: PM-Timer IO Port: 0x4008
[    0.000000] IOAPIC[0]: apic_id 4, version 32, address 0xfec00000, GSI 0-23
[    0.000000] ACPI: INT_SRC_OVR (bus 0 bus_irq 0 global_irq 2 dfl dfl)
[    0.000000] ACPI: INT_SRC_OVR (bus 0 bus_irq 9 global_irq 9 low level)
[    0.000000] Using ACPI (MADT) for SMP configuration information
[    0.000000] smpboot: Allowing 4 CPUs, 0 hotplug CPUs
[    0.000000] PM: Registered nosave memory: [mem 0x00000000-0x00000fff]
[    0.000000] PM: Registered nosave memory: [mem 0x0009f000-0x0009ffff]
[    0.000000] PM: Registered nosave memory: [mem 0x000a0000-0x000effff]
[    0.000000] PM: Registered nosave memory: [mem 0x000f0000-0x000fffff]
[    0.000000] PM: Registered nosave memory: [mem 0xdfff0000-0xdfffffff]
[    0.000000] PM: Registered nosave memory: [mem 0xe0000000-0xfebfffff]
[    0.000000] PM: Registered nosave memory: [mem 0xfec00000-0xfec00fff]
[    0.000000] PM: Registered nosave memory: [mem 0xfec01000-0xfedfffff]
[    0.000000] PM: Registered nosave memory: [mem 0xfee00000-0xfee00fff]
[    0.000000] PM: Registered nosave memory: [mem 0xfee01000-0xfffbffff]
[    0.000000] PM: Registered nosave memory: [mem 0xfffc0000-0xffffffff]
[    0.000000] e820: [mem 0xe0000000-0xfebfffff] available for PCI devices
[    0.000000] Booting paravirtualized kernel on KVM
[    0.000000] clocksource: refined-jiffies: mask: 0xffffffff max_cycles: 0xffffffff, max_idle_ns: 7645519600211568 ns
[    0.000000] setup_percpu: NR_CPUS:8192 nr_cpumask_bits:4 nr_cpu_ids:4 nr_node_ids:1
[    0.000000] percpu: Embedded 50 pages/cpu s167936 r8192 d28672 u524288
[    0.000000] PV qspinlock hash table entries: 256 (order: 0, 4096 bytes)
[    0.000000] Built 1 zonelists, mobility grouping on.  Total pages: 2064249
[    0.000000] Policy zone: Normal
[    0.000000] Kernel command line: BOOT_IMAGE=/boot/vmlinuz-4.15.0-212-generic root=LABEL=cloudimg-rootfs ro console=tty1 console=ttyS0
[    0.000000] Memory: 8141620K/8388152K available (12300K kernel code, 2477K rwdata, 4324K rodata, 2480K init, 2720K bss, 246532K reserved, 0K cma-reserved)
[    0.000000] SLUB: HWalign=64, Order=0-3, MinObjects=0, CPUs=4, Nodes=1
[    0.000000] ftrace: allocating 39508 entries in 155 pages
[    0.004000] Hierarchical RCU implementation.
[    0.004000] 	RCU restricting CPUs from NR_CPUS=8192 to nr_cpu_ids=4.
[    0.004000] 	Tasks RCU enabled.
[    0.004000] RCU: Adjusting geometry for rcu_fanout_leaf=16, nr_cpu_ids=4
[    0.004000] NR_IRQS: 524544, nr_irqs: 456, preallocated irqs: 16
[    0.004000] random: crng init done
[    0.004000] Console: colour VGA+ 80x25
[    0.004000] console [tty1] enabled
[    0.004000] console [ttyS0] enabled
[    0.004000] ACPI: Core revision 20170831
[    0.004000] ACPI: 2 ACPI AML tables successfully acquired and loaded
[    0.004000] APIC: Switch to symmetric I/O mode setup
[    0.004000] x2apic enabled
[    0.004000] Switched APIC routing to physical x2apic.
[    0.004000] ..TIMER: vector=0x30 apic1=0 pin1=2 apic2=-1 pin2=-1
[    0.004000] tsc: Detected 3593.254 MHz processor
[    0.004000] Calibrating delay loop (skipped) preset value.. 7186.50 BogoMIPS (lpj=14373016)
[    0.004000] pid_max: default: 32768 minimum: 301
[    0.004000] Security Framework initialized
[    0.004000] Yama: becoming mindful.
[    0.004000] AppArmor: AppArmor initialized
[    0.004000] Dentry cache hash table entries: 1048576 (order: 11, 8388608 bytes)
[    0.004000] Inode-cache hash table entries: 524288 (order: 10, 4194304 bytes)
[    0.004000] Mount-cache hash table entries: 16384 (order: 5, 131072 bytes)
[    0.004000] Mountpoint-cache hash table entries: 16384 (order: 5, 131072 bytes)
[    0.004000] Last level iTLB entries: 4KB 1024, 2MB 1024, 4MB 512
[    0.004000] Last level dTLB entries: 4KB 2048, 2MB 2048, 4MB 1024, 1GB 0
[    0.004000] Spectre V1 : Mitigation: usercopy/swapgs barriers and __user pointer sanitization
[    0.004000] Spectre V2 : Mitigation: Retpolines
[    0.004000] Spectre V2 : Spectre v2 / SpectreRSB mitigation: Filling RSB on context switch
[    0.004000] Spectre V2 : Spectre v2 / SpectreRSB : Filling RSB on VMEXIT
[    0.004000] RETBleed: Vulnerable
[    0.004000] Freeing SMP alternatives memory: 36K
[    0.126949] APIC calibration not consistent with PM-Timer: 103ms instead of 100ms
[    0.127991] APIC delta adjusted to PM-Timer: 6449815 (6681678)
[    0.128052] smpboot: CPU0: AMD Ryzen 5 3500X 6-Core Processor (family: 0x17, model: 0x71, stepping: 0x0)
[    0.129158] Performance Events: PMU not available due to virtualization, using software events only.
[    0.130210] Hierarchical SRCU implementation.
[    0.131199] NMI watchdog: Perf event create on CPU 0 failed with -2
[    0.131898] NMI watchdog: Perf NMI watchdog permanently disabled
[    0.132046] smp: Bringing up secondary CPUs ...
[    0.132638] x86: Booting SMP configuration:
[    0.133150] .... node  #0, CPUs:      #1
[    0.004000] kvm-clock: cpu 1, msr 2:1ff50041, secondary cpu clock
[    0.136089]  #2
[    0.004000] kvm-clock: cpu 2, msr 2:1ff50081, secondary cpu clock
[    0.140095]  #3
[    0.004000] kvm-clock: cpu 3, msr 2:1ff500c1, secondary cpu clock
[    0.144017] smp: Brought up 1 node, 4 CPUs
[    0.144501] smpboot: Max logical packages: 1
[    0.145077] smpboot: Total of 4 processors activated (28746.03 BogoMIPS)
[    0.146108] devtmpfs: initialized
[    0.146108] x86/mm: Memory block size: 128MB
[    0.148283] evm: security.selinux
[    0.148683] evm: security.SMACK64
[    0.149079] evm: security.SMACK64EXEC
[    0.149497] evm: security.SMACK64TRANSMUTE
[    0.149968] evm: security.SMACK64MMAP
[    0.150388] evm: security.apparmor
[    0.150792] evm: security.ima
[    0.151158] evm: security.capability
[    0.152061] clocksource: jiffies: mask: 0xffffffff max_cycles: 0xffffffff, max_idle_ns: 7645041785100000 ns
[    0.153144] futex hash table entries: 1024 (order: 4, 65536 bytes)
[    0.153895] pinctrl core: initialized pinctrl subsystem
[    0.154600] RTC time:  5:28:52, date: 06/26/24
[    0.155341] NET: Registered protocol family 16
[    0.155924] audit: initializing netlink subsys (disabled)
[    0.156044] audit: type=2000 audit(1719379737.182:1): state=initialized audit_enabled=0 res=1
[    0.156099] cpuidle: using governor ladder
[    0.156485] cpuidle: using governor menu
[    0.156735] ACPI: bus type PCI registered
[    0.156735] acpiphp: ACPI Hot Plug PCI Controller Driver version: 0.5
[    0.157279] PCI: Using configuration type 1 for base access
[    0.160002] PCI: Using configuration type 1 for extended access
[    0.160735] HugeTLB registered 2.00 MiB page size, pre-allocated 0 pages
[    0.164074] ACPI: Added _OSI(Module Device)
[    0.164621] ACPI: Added _OSI(Processor Device)
[    0.164621] ACPI: Added _OSI(3.0 _SCP Extensions)
[    0.164621] ACPI: Added _OSI(Processor Aggregator Device)
[    0.165202] ACPI: Added _OSI(Linux-Dell-Video)
[    0.165722] ACPI: Added _OSI(Linux-Lenovo-NV-HDMI-Audio)
[    0.166417] ACPI: Added _OSI(Linux-HPI-Hybrid-Graphics)
[    0.167381] ACPI: Executed 1 blocks of module-level executable AML code
[    0.170219] ACPI: Interpreter enabled
[    0.170988] ACPI: (supports S0 S5)
[    0.171417] ACPI: Using IOAPIC for interrupt routing
[    0.172189] PCI: Using host bridge windows from ACPI; if necessary, use "pci=nocrs" and report a bug
[    0.173342] ACPI: Enabled 2 GPEs in block 00 to 07
[    0.178333] ACPI: PCI Root Bridge [PCI0] (domain 0000 [bus 00-ff])
[    0.179147] acpi PNP0A03:00: _OSC: OS supports [ExtendedConfig ASPM ClockPM Segments MSI]
[    0.180341] acpi PNP0A03:00: _OSC: platform does not support [PCIeCapability]
[    0.181531] acpi PNP0A03:00: _OSC: not requesting control; platform does not support [PCIeCapability]
[    0.182753] acpi PNP0A03:00: _OSC: OS requested [PCIeHotplug PME AER PCIeCapability]
[    0.183677] acpi PNP0A03:00: _OSC: platform willing to grant [PCIeHotplug PME AER]
[    0.184000] acpi PNP0A03:00: _OSC failed (AE_SUPPORT); disabling ASPM
[    0.184292] PCI host bridge to bus 0000:00
[    0.184865] pci_bus 0000:00: root bus resource [io  0x0000-0x0cf7 window]
[    0.185618] pci_bus 0000:00: root bus resource [io  0x0d00-0xffff window]
[    0.186369] pci_bus 0000:00: root bus resource [mem 0x000a0000-0x000bffff window]
[    0.187236] pci_bus 0000:00: root bus resource [mem 0xe0000000-0xfdffffff window]
[    0.188002] pci_bus 0000:00: root bus resource [bus 00-ff]
[    0.190107] pci 0000:00:01.1: legacy IDE quirk: reg 0x10: [io  0x01f0-0x01f7]
[    0.191077] pci 0000:00:01.1: legacy IDE quirk: reg 0x14: [io  0x03f6]
[    0.192004] pci 0000:00:01.1: legacy IDE quirk: reg 0x18: [io  0x0170-0x0177]
[    0.192942] pci 0000:00:01.1: legacy IDE quirk: reg 0x1c: [io  0x0376]
[    0.236356] pci 0000:00:07.0: quirk: [io  0x4000-0x403f] claimed by PIIX4 ACPI
[    0.237254] pci 0000:00:07.0: quirk: [io  0x4100-0x410f] claimed by PIIX4 SMB
[    0.253269] ACPI: PCI Interrupt Link [LNKA] (IRQs 5 9 10 *11)
[    0.254186] ACPI: PCI Interrupt Link [LNKB] (IRQs 5 9 *10 11)
[    0.254905] ACPI: PCI Interrupt Link [LNKC] (IRQs 5 *9 10 11)
[    0.256088] ACPI: PCI Interrupt Link [LNKD] (IRQs 5 9 10 *11)
[    0.256951] SCSI subsystem initialized
[    0.260022] pci 0000:00:02.0: vgaarb: setting as boot VGA device
[    0.260897] pci 0000:00:02.0: vgaarb: VGA device added: decodes=io+mem,owns=io+mem,locks=none
[    0.260897] pci 0000:00:02.0: vgaarb: bridge control possible
[    0.260897] vgaarb: loaded
[    0.261015] ACPI: bus type USB registered
[    0.261500] usbcore: registered new interface driver usbfs
[    0.264006] usbcore: registered new interface driver hub
[    0.264616] usbcore: registered new device driver usb
[    0.265214] EDAC MC: Ver: 3.0.0
[    0.265214] PCI: Using ACPI for IRQ routing
[    0.265214] NetLabel: Initializing
[    0.268009] NetLabel:  domain hash size = 128
[    0.268516] NetLabel:  protocols = UNLABELED CIPSOv4 CALIPSO
[    0.269165] NetLabel:  unlabeled traffic allowed by default
[    0.272056] clocksource: Switched to clocksource kvm-clock
[    0.280598] VFS: Disk quotas dquot_6.6.0
[    0.281099] VFS: Dquot-cache hash table entries: 512 (order 0, 4096 bytes)
[    0.281983] AppArmor: AppArmor Filesystem Enabled
[    0.282530] pnp: PnP ACPI init
[    0.283561] pnp: PnP ACPI: found 3 devices
[    0.290606] clocksource: acpi_pm: mask: 0xffffff max_cycles: 0xffffff, max_idle_ns: 2085701024 ns
[    0.291682] NET: Registered protocol family 2
[    0.292210] IP idents hash table entries: 131072 (order: 8, 1048576 bytes)
[    0.293583] TCP established hash table entries: 65536 (order: 7, 524288 bytes)
[    0.294543] TCP bind hash table entries: 65536 (order: 8, 1048576 bytes)
[    0.295366] TCP: Hash tables configured (established 65536 bind 65536)
[    0.296108] UDP hash table entries: 4096 (order: 5, 131072 bytes)
[    0.296779] UDP-Lite hash table entries: 4096 (order: 5, 131072 bytes)
[    0.297089] NET: Registered protocol family 1
[    0.297089] pci 0000:00:00.0: Limiting direct PCI/PCI transfers
[    0.297089] pci 0000:00:01.0: Activating ISA DMA hang workarounds
[    0.297089] pci 0000:00:02.0: Video device with shadowed ROM at [mem 0x000c0000-0x000dffff]
[    0.297089] Unpacking initramfs...
[    0.297089] Freeing initrd memory: 19528K
[    0.297089] PCI-DMA: Using software bounce buffering for IO (SWIOTLB)
[    0.297089] software IO TLB: mapped [mem 0xdbff0000-0xdfff0000] (64MB)
[    0.297089] clocksource: tsc: mask: 0xffffffffffffffff max_cycles: 0x33cb6ecbec8, max_idle_ns: 440795311068 ns
[    0.297089] platform rtc_cmos: registered platform RTC device (no PNP device found)
[    0.297089] Scanning for low memory corruption every 60 seconds
[    0.509113] Initialise system trusted keyrings
[    0.509630] Key type blacklist registered
[    0.510132] workingset: timestamp_bits=36 max_order=21 bucket_order=0
[    0.511483] zbud: loaded
[    0.512427] squashfs: version 4.0 (2009/01/31) Phillip Lougher
[    0.513213] fuse init (API version 7.26)
[    0.516225] Key type asymmetric registered
[    0.516706] Asymmetric key parser 'x509' registered
[    0.517273] Block layer SCSI generic (bsg) driver version 0.4 loaded (major 246)
[    0.518156] io scheduler noop registered
[    0.518622] io scheduler deadline registered
[    0.519131] io scheduler cfq registered (default)
[    0.519882] ACPI: AC Adapter [AC] (on-line)
[    0.520398] input: Power Button as /devices/LNXSYSTM:00/LNXPWRBN:00/input/input0
[    0.521288] ACPI: Power Button [PWRF]
[    0.521866] input: Sleep Button as /devices/LNXSYSTM:00/LNXSLPBN:00/input/input1
[    0.522785] ACPI: Sleep Button [SLPF]
[    0.523537] Serial: 8250/16550 driver, 32 ports, IRQ sharing enabled
[    0.544737] 00:02: ttyS0 at I/O 0x3f8 (irq = 4, base_baud = 115200) is a 16550A
[    0.547143] Linux agpgart interface v0.103
[    0.548777] loop: module loaded
[    0.549560] scsi host0: ata_piix
[    0.550097] scsi host1: ata_piix
[    0.550499] ata1: PATA max UDMA/33 cmd 0x1f0 ctl 0x3f6 bmdma 0xd000 irq 14
[    0.551249] ata2: PATA max UDMA/33 cmd 0x170 ctl 0x376 bmdma 0xd008 irq 15
[    0.552040] tun: Universal TUN/TAP device driver, 1.6
[    0.552849] PPP generic driver version 2.4.2
[    0.553403] ehci_hcd: USB 2.0 'Enhanced' Host Controller (EHCI) Driver
[    0.554128] ehci-pci: EHCI PCI platform driver
[    0.554648] ehci-platform: EHCI generic platform driver
[    0.555238] ohci_hcd: USB 1.1 'Open' Host Controller (OHCI) Driver
[    0.555911] ohci-pci: OHCI PCI platform driver
[    0.556434] ohci-platform: OHCI generic platform driver
[    0.557021] uhci_hcd: USB Universal Host Controller Interface driver
[    0.557749] i8042: PNP: PS/2 Controller [PNP0303:PS2K,PNP0f03:PS2M] at 0x60,0x64 irq 1,12
[    0.559017] serio: i8042 KBD port at 0x60,0x64 irq 1
[    0.559589] serio: i8042 AUX port at 0x60,0x64 irq 12
[    0.560220] mousedev: PS/2 mouse device common for all mice
[    0.561130] rtc_cmos rtc_cmos: rtc core: registered rtc_cmos as rtc0
[    0.561143] input: AT Translated Set 2 keyboard as /devices/platform/i8042/serio0/input/input2
[    0.561881] rtc_cmos rtc_cmos: alarms up to one day, 114 bytes nvram
[    0.563491] i2c /dev entries driver
[    0.563934] device-mapper: uevent: version 1.0.3
[    0.564536] device-mapper: ioctl: 4.37.0-ioctl (2017-09-20) initialised: dm-devel@redhat.com
[    0.565547] ledtrig-cpu: registered to indicate activity on CPUs
[    0.566472] NET: Registered protocol family 10
[    0.569076] Segment Routing with IPv6
[    0.569534] NET: Registered protocol family 17
[    0.570087] Key type dns_resolver registered
[    0.570740] mce: Using 0 MCE banks
[    0.571154] RAS: Correctable Errors collector initialized.
[    0.571771] sched_clock: Marking stable (570719500, 0)->(774574507, -203855007)
[    0.573185] registered taskstats version 1
[    0.573676] Loading compiled-in X.509 certificates
[    0.575583] Loaded X.509 cert 'Build time autogenerated kernel key: b5b26778eaa3ab3a4a6cee031137706e947d12ad'
[    0.577076] Loaded X.509 cert 'Canonical Ltd. Live Patch Signing: 14df34d1a87cf37625abec039ef2bf521249b969'
[    0.578497] Loaded X.509 cert 'Canonical Ltd. Kernel Module Signing: 88f752e560a1e0737e31163a466ad7b70a850c19'
[    0.579568] blacklist: Loading compiled-in revocation X.509 certificates
[    0.580320] Loaded X.509 cert 'Canonical Ltd. Secure Boot Signing: 61482aa2830d0ab2ad5af10b7250da9033ddcef0'
[    0.581562] Loaded X.509 cert 'Canonical Ltd. Secure Boot Signing (2017): 242ade75ac4a15e50d50c84b0d45ff3eae707a03'
[    0.582815] Loaded X.509 cert 'Canonical Ltd. Secure Boot Signing (ESM 2018): 365188c1d374d6b07c3c8f240f8ef722433d6a8b'
[    0.583986] Loaded X.509 cert 'Canonical Ltd. Secure Boot Signing (2019): c0746fd6c5da3ae827864651ad66ae47fe24b3e8'
[    0.585149] Loaded X.509 cert 'Canonical Ltd. Secure Boot Signing (2021 v1): a8d54bbb3825cfb94fa13c9f8a594a195c107b8d'
[    0.586328] Loaded X.509 cert 'Canonical Ltd. Secure Boot Signing (2021 v2): 4cf046892d6fd3c9a5b03f98d845f90851dc6a8c'
[    0.587488] Loaded X.509 cert 'Canonical Ltd. Secure Boot Signing (2021 v3): 100437bb6de6e469b581e61cd66bce3ef4ed53af'
[    0.588704] Loaded X.509 cert 'Canonical Ltd. Secure Boot Signing (Ubuntu Core 2019): c1d57b8f6b743f23ee41f4f7ee292f06eecadfb9'
[    0.589957] zswap: loaded using pool lzo/zbud
[    0.592236] Key type big_key registered
[    0.592721] Key type trusted registered
[    0.594001] Key type encrypted registered
[    0.594507] AppArmor: AppArmor sha1 policy hashing enabled
[    0.595117] ima: No TPM chip found, activating TPM-bypass! (rc=-19)
[    0.595805] ima: Allocated hash algorithm: sha1
[    0.596339] evm: HMAC attrs: 0x1
[    0.597127]   Magic number: 12:408:467
[    0.597759] rtc_cmos rtc_cmos: setting system clock to 2024-06-26 05:28:52 UTC (1719379732)
[    0.598809] BIOS EDD facility v0.16 2004-Jun-25, 0 devices found
[    0.599525] EDD information not available.
[    0.739053] Freeing unused kernel image memory: 2480K
[    0.894710] Write protecting the kernel read-only data: 20480k
[    0.896142] Freeing unused kernel image memory: 2008K
[    0.897656] Freeing unused kernel image memory: 1820K
[    0.904324] x86/mm: Checked W+X mappings: passed, no W+X pages found.
Loading, please wait...
starting version 237
[    0.937927] e1000: Intel(R) PRO/1000 Network Driver - version 7.3.21-k8-NAPI
[    0.938773] e1000: Copyright (c) 1999-2006 Intel Corporation.
[    0.944905] AVX2 version of gcm_enc/dec engaged.
[    0.945462] AES CTR mode by8 optimization enabled
[    0.950036] Fusion MPT base driver 3.04.20
[    0.950773] Copyright (c) 1999-2008 LSI Corporation
[    0.954314] Fusion MPT SPI Host driver 3.04.20
[    1.272581] input: ImExPS/2 Generic Explorer Mouse as /devices/platform/i8042/serio1/input/input4
[    1.295259] e1000 0000:00:03.0 eth0: (PCI:33MHz:32-bit) 02:3b:7b:b7:3b:2d
[    1.296121] e1000 0000:00:03.0 eth0: Intel(R) PRO/1000 Network Connection
[    1.297484] e1000 0000:00:03.0 enp0s3: renamed from eth0
[    1.297642] mptbase: ioc0: Initiating bringup
[    2.199178] ioc0: LSI53C1030 A0: Capabilities={Initiator}
[    4.137293] scsi host2: ioc0: LSI53C1030 A0, FwRev=00000000h, Ports=1, MaxQ=256, IRQ=20
[    5.320155] scsi 2:0:0:0: Direct-Access     VBOX     HARDDISK         1.0  PQ: 0 ANSI: 5
[    5.819238] scsi target2:0:0: Beginning Domain Validation
[    5.820633] scsi target2:0:0: Domain Validation skipping write tests
[    5.821506] scsi target2:0:0: Ending Domain Validation
[    5.822255] scsi target2:0:0: asynchronous
[    5.823062] scsi 2:0:1:0: Direct-Access     VBOX     HARDDISK         1.0  PQ: 0 ANSI: 5
[    6.314535] scsi target2:0:1: Beginning Domain Validation
[    6.315702] scsi target2:0:1: Domain Validation skipping write tests
[    6.316396] scsi target2:0:1: Ending Domain Validation
[    6.316994] scsi target2:0:1: asynchronous
[    6.319349] sd 2:0:0:0: Attached scsi generic sg0 type 0
[    6.320217] sd 2:0:0:0: [sda] 83886080 512-byte logical blocks: (42.9 GB/40.0 GiB)
[    6.320224] sd 2:0:1:0: Attached scsi generic sg1 type 0
[    6.320283] sd 2:0:1:0: [sdb] 20480 512-byte logical blocks: (10.5 MB/10.0 MiB)
[    6.320307] sd 2:0:1:0: [sdb] Write Protect is off
[    6.320350] sd 2:0:1:0: [sdb] Incomplete mode parameter data
[    6.320351] sd 2:0:1:0: [sdb] Assuming drive cache: write through
[    6.321431] sd 2:0:0:0: [sda] Write Protect is off
[    6.325507] sd 2:0:0:0: [sda] Incomplete mode parameter data
[    6.326162] sd 2:0:0:0: [sda] Assuming drive cache: write through
[    6.326877] sd 2:0:1:0: [sdb] Attached SCSI disk
[    6.327446]  sda: sda1
[    6.328214] sd 2:0:0:0: [sda] Attached SCSI disk
Begin: Loading essential drivers ... [    7.672572] raid6: sse2x1   gen()  8241 MB/s
[    7.720303] raid6: sse2x1   xor()  7922 MB/s
[    7.768573] raid6: sse2x2   gen() 17339 MB/s
[    7.816315] raid6: sse2x2   xor() 10714 MB/s
[    7.864057] raid6: sse2x4   gen() 16941 MB/s
[    7.912315] raid6: sse2x4   xor()  9407 MB/s
[    7.960585] raid6: avx2x1   gen() 20461 MB/s
[    8.008342] raid6: avx2x1   xor() 15243 MB/s
[    8.056090] raid6: avx2x2   gen() 33240 MB/s
[    8.104369] raid6: avx2x2   xor() 20259 MB/s
[    8.152620] raid6: avx2x4   gen() 34501 MB/s
[    8.200377] raid6: avx2x4   xor() 15772 MB/s
[    8.200985] raid6: using algorithm avx2x4 gen() 34501 MB/s
[    8.201668] raid6: .... xor() 15772 MB/s, rmw enabled
[    8.202230] raid6: using avx2x2 recovery algorithm
[    8.203562] xor: automatically using best checksumming function   avx       
[    8.204988] async_tx: api initialized (async)
done.
Begin: Running /scripts/init-premount ... done.
Begin: Mounting root file system ... Begin: Running /scripts/local-top ... done.
Begin: Running /scripts/local-premount ... [    8.235088] Btrfs loaded, crc32c=crc32c-intel
Scanning for Btrfs filesystems
done.
Warning: fsck not present, so skipping root file system
[    8.249554] EXT4-fs (sda1): mounted filesystem with ordered data mode. Opts: (null)
done.
Begin: Running /scripts/local-bottom ... done.
Begin: Running /scripts/init-bottom ... done.
[    8.351669] ip_tables: (C) 2000-2006 Netfilter Core Team
[    8.359033] systemd[1]: systemd 237 running in system mode. (+PAM +AUDIT +SELINUX +IMA +APPARMOR +SMACK +SYSVINIT +UTMP +LIBCRYPTSETUP +GCRYPT +GNUTLS +ACL +XZ +LZ4 +SECCOMP +BLKID +ELFUTILS +KMOD -IDN2 +IDN -PCRE2 default-hierarchy=hybrid)
[    8.361495] systemd[1]: Detected virtualization oracle.
[    8.362133] systemd[1]: Detected architecture x86-64.

Welcome to [1mUbuntu 18.04.6 LTS[0m!

[    8.367460] systemd[1]: Set hostname to <ubuntu>.
[    8.369247] systemd[1]: Initializing machine ID from random generator.
[    8.370022] systemd[1]: Installed transient /etc/machine-id file.
[    8.527670] systemd[1]: Started Forward Password Requests to Wall Directory Watch.
[[0;32m  OK  [0m] Started Forward Password Requests to Wall Directory Watch.
[    8.530181] systemd[1]: Created slice System Slice.
[[0;32m  OK  [0m] Created slice System Slice.
[    8.531228] systemd[1]: Created slice system-serial\x2dgetty.slice.
[[0;32m  OK  [0m] Created slice system-serial\x2dgetty.slice.
[    8.532486] systemd[1]: Listening on Journal Socket.
[[0;32m  OK  [0m] Listening on Journal Socket.
         Mounting POSIX Message Queue File System...
[[0;32m  OK  [0m] Listening on Syslog Socket.
[[0;32m  OK  [0m] Listening on LVM2 metadata daemon socket.
[[0;32m  OK  [0m] Listening on Journal Socket (/dev/log).
[[0;32m  OK  [0m] Listening on fsck to fsckd communication Socket.
[[0;32m  OK  [0m] Reached target Mounting snaps.
[[0;32m  OK  [0m] Reached target User and Group Name Lookups.
[[0;32m  OK  [0m] Reached target Mounted snaps.
[[0;32m  OK  [0m] Listening on LVM2 poll daemon socket.
         Starting Set the console keyboard layout...
[[0;32m  OK  [0m] Listening on Journal Audit Socket.
         Starting Journal Service...
[[0;32m  OK  [0m] Listening on Device-mapper event daemon FIFOs.
         Mounting Huge Pages File System...
         Starting Uncomplicated firewall...
[[0;32m  OK  [0m] Created slice User and Session Slice.
[[0;32m  OK  [0m] Listening on udev Control Socket.
[[0;32m  OK  [0m] Set up automount Arbitrary Executab…rmats File System Automount Point.
[[0;32m  OK  [0m] Listening on /dev/initctl Compatibility Named Pipe.
         Mounting Kernel Debug File System...
[[0;32m  OK  [0m] Reached target Slices.
         Starting Monitoring of LVM2 mirrors…ng dmeventd or progress polling...
[[0;32m  OK  [0m] Reached target System Time Synchronized.
         Starting Create list of required st…ce nodes for the current kernel...
         Starting File System Check on Root Device...
         Starting Load Kernel Modules...
[[0;32m  OK  [0m] Listening on Network Service Netlink Socket.
[[0;32m  OK  [0m] Listening on udev Kernel Socket.
         Starting udev Coldplug all Devices...
[[0;32m  OK  [0m] Reached target Swap.
[[0;32m  OK  [0m] Mounted POSIX Message Queue File System.
[[0;32m  OK  [0m] Mounted Huge Pages File System.
[[0;32m  OK  [0m] Started Uncomplicated firewall.
[[0;32m  OK  [0m] Mounted Kernel Debug File System.
[[0;32m  OK  [0m] Started Journal Service.
[[0;32m  OK  [0m] Started LVM2 metadata daemon.
[[0;32m  OK  [0m] Started Create list of required sta…vice nodes for the current kernel.
         Starting Create Static Device Nodes in /dev...
[[0;32m  OK  [0m] Started File System Check Daemon to report status.
[    8.613930] Loading iSCSI transport class v2.0-870.
[    8.617986] iscsi: registered transport (tcp)
[[0;32m  OK  [0m] Started udev Coldplug all Devices.
[[0;32m  OK  [0m] Started Create Static Device Nodes in /dev.
[[0;32m  OK  [0m] Started File System Check on Root Device.
         Starting Remount Root and Kernel File Systems...
[    8.672297] iscsi: registered transport (iser)
[[0;32m  OK  [0m] Started Load Kernel Modules.
         Mounting FUSE Control File System...
         Mounting Kernel Configuration File System...
         Starting Apply Kernel Variables...
[[0;32m  OK  [0m] Started Monitoring of LVM2 mirrors,…sing dmeventd or progress polling.
[[0;32m  OK  [0m] Mounted FUSE Control File System.
[[0;32m  OK  [0m] Mounted Kernel Configuration File System.
[    8.695806] EXT4-fs (sda1): re-mounted. Opts: (null)
[[0;32m  OK  [0m] Started Remount Root and Kernel File Systems.
         Starting Flush Journal to Persistent Storage...
         Starting Load/Save Random Seed...
         Starting udev Kernel Device Manager...
[    8.711683] systemd-journald[425]: Received request to flush runtime journal from PID 1
[[0;32m  OK  [0m] Started Load/Save Random Seed.
[[0;32m  OK  [0m] Started udev Kernel Device Manager.
[[0;32m  OK  [0m] Started Apply Kernel Variables.
[[0;32m  OK  [0m] Started Flush Journal to Persistent Storage.
[[0;32m  OK  [0m] Found device /dev/ttyS0.
[[0;32m  OK  [0m] Listening on Load/Save RF Kill Switch Status /dev/rfkill Watch.
         Mounting Arbitrary Executable File Formats File System...
[[0;32m  OK  [0m] Mounted Arbitrary Executable File Formats File System.
[[0;32m  OK  [0m] Started Set the console keyboard layout.
[[0;32m  OK  [0m] Started Dispatch Password Requests to Console Directory Watch.
[[0;32m  OK  [0m] Reached target Local Encrypted Volumes.
[[0;32m  OK  [0m] Reached target Local File Systems (Pre).
[[0;32m  OK  [0m] Reached target Local File Systems.
         Starting Tell Plymouth To Write Out Runtime Data...
         Starting Set console font and keymap...
         Starting AppArmor initialization...
         Starting Create Volatile Files and Directories...
         Starting ebtables ruleset management...
         Starting Commit a transient machine-id on disk...
[[0;32m  OK  [0m] Started Tell Plymouth To Write Out Runtime Data.
[[0;32m  OK  [0m] Started Create Volatile Files and Directories.
         Starting Update UTMP about System Boot/Shutdown...
[[0;32m  OK  [0m] Started Update UTMP about System Boot/Shutdown.
[[0;32m  OK  [0m] Started ebtables ruleset management.
[[0;32m  OK  [0m] Started Commit a transient machine-id on disk.
[[0;32m  OK  [0m] Started AppArmor initialization.
         Starting Initial cloud-init job (pre-networking)...
         Starting Load AppArmor profiles managed internally by snapd...
[[0;32m  OK  [0m] Started Load AppArmor profiles managed internally by snapd.
[[0;32m  OK  [0m] Started Set console font and keymap.
[   10.177411] cloud-init[881]: Cloud-init v. 23.1.2-0ubuntu0~18.04.1 running 'init-local' at Wed, 26 Jun 2024 05:29:01 +0000. Up 9.98 seconds.
[[0;32m  OK  [0m] Started Initial cloud-init job (pre-networking).
[[0;32m  OK  [0m] Reached target Network (Pre).
         Starting Network Service...
[[0;32m  OK  [0m] Started Network Service.
         Starting Wait for Network to be Configured...
         Starting Network Name Resolution...
[[0;32m  OK  [0m] Started Network Name Resolution.
[[0;32m  OK  [0m] Reached target Network.
[[0;32m  OK  [0m] Reached target Host and Network Name Lookups.
[[0;32m  OK  [0m] Started Wait for Network to be Configured.
         Starting Initial cloud-init job (metadata service crawler)...
[   12.136300] cloud-init[1050]: Cloud-init v. 23.1.2-0ubuntu0~18.04.1 running 'init' at Wed, 26 Jun 2024 05:29:03 +0000. Up 12.04 seconds.
[   12.137256] cloud-init[1050]: ci-info: ++++++++++++++++++++++++++++++++++++++Net device info++++++++++++++++++++++++++++++++++++++
[   12.138217] cloud-init[1050]: ci-info: +--------+------+----------------------------+---------------+--------+-------------------+
[   12.139141] cloud-init[1050]: ci-info: | Device |  Up  |          Address           |      Mask     | Scope  |     Hw-Address    |
[   12.140018] cloud-init[1050]: ci-info: +--------+------+----------------------------+---------------+--------+-------------------+
[   12.140947] cloud-init[1050]: ci-info: | enp0s3 | True |         10.0.2.15          | 255.255.255.0 | global | 02:3b:7b:b7:3b:2d |
[   12.142012] cloud-init[1050]: ci-info: | enp0s3 | True | fe80::3b:7bff:feb7:3b2d/64 |       .       |  link  | 02:3b:7b:b7:3b:2d |
[   12.143060] cloud-init[1050]: ci-info: |   lo   | True |         127.0.0.1          |   255.0.0.0   |  host  |         .         |
[   12.144020] cloud-init[1050]: ci-info: |   lo   | True |          ::1/128           |       .       |  host  |         .         |
[   12.145070] cloud-init[1050]: ci-info: +--------+------+----------------------------+---------------+--------+-------------------+
[   12.145923] cloud-init[1050]: ci-info: ++++++++++++++++++++++++++++Route IPv4 info+++++++++++++++++++++++++++++
[   12.146737] cloud-init[1050]: ci-info: +-------+-------------+----------+-----------------+-----------+-------+
[   12.147775] cloud-init[1050]: ci-info: | Route | Destination | Gateway  |     Genmask     | Interface | Flags |
[   12.148872] cloud-init[1050]: ci-info: +-------+-------------+----------+-----------------+-----------+-------+
[   12.149982] cloud-init[1050]: ci-info: |   0   |   0.0.0.0   | 10.0.2.2 |     0.0.0.0     |   enp0s3  |   UG  |
[   12.151061] cloud-init[1050]: ci-info: |   1   |   10.0.2.0  | 0.0.0.0  |  255.255.255.0  |   enp0s3  |   U   |
[   12.152737] cloud-init[1050]: ci-info: |   2   |   10.0.2.2  | 0.0.0.0  | 255.255.255.255 |   enp0s3  |   UH  |
[   12.154613] cloud-init[1050]: ci-info: +-------+-------------+----------+-----------------+-----------+-------+
[   12.155647] cloud-init[1050]: ci-info: +++++++++++++++++++Route IPv6 info+++++++++++++++++++
[   12.156433] cloud-init[1050]: ci-info: +-------+-------------+---------+-----------+-------+
[   12.157418] cloud-init[1050]: ci-info: | Route | Destination | Gateway | Interface | Flags |
[   12.158386] cloud-init[1050]: ci-info: +-------+-------------+---------+-----------+-------+
[   12.159132] cloud-init[1050]: ci-info: |   1   |  fe80::/64  |    ::   |   enp0s3  |   U   |
[   12.159966] cloud-init[1050]: ci-info: |   3   |    local    |    ::   |   enp0s3  |   U   |
[   12.160626] cloud-init[1050]: ci-info: |   4   |   ff00::/8  |    ::   |   enp0s3  |   U   |
[   12.161312] cloud-init[1050]: ci-info: +-------+-------------+---------+-----------+-------+
[   13.612673] cloud-init[1050]: Generating public/private rsa key pair.
[   13.613517] cloud-init[1050]: Your identification has been saved in /etc/ssh/ssh_host_rsa_key.
[   13.614506] cloud-init[1050]: Your public key has been saved in /etc/ssh/ssh_host_rsa_key.pub.
[   13.615454] cloud-init[1050]: The key fingerprint is:
[   13.616205] cloud-init[1050]: SHA256:69c8+EaYO9aaxYQYM/gN+h05JnhxzMx6mFDQzp8WVnA root@ubuntu-bionic
[   13.617721] cloud-init[1050]: The key's randomart image is:
[   13.618257] cloud-init[1050]: +---[RSA 2048]----+
[   13.618876] cloud-init[1050]: |      .o. ..E    |
[   13.619413] cloud-init[1050]: |       o.= ..    |
[   13.619892] cloud-init[1050]: |      oo* *.     |
[   13.620373] cloud-init[1050]: |       =o&oo     |
[   13.620839] cloud-init[1050]: |      o SoO=.    |
[   13.621289] cloud-init[1050]: |       o **=.    |
[   13.621717] cloud-init[1050]: |        o..Bo    |
[   13.622176] cloud-init[1050]: |       .  *o*    |
[   13.622625] cloud-init[1050]: |        .oo=..   |
[   13.623125] cloud-init[1050]: +----[SHA256]-----+
[   13.623615] cloud-init[1050]: Generating public/private dsa key pair.
[   13.624279] cloud-init[1050]: Your identification has been saved in /etc/ssh/ssh_host_dsa_key.
[   13.625184] cloud-init[1050]: Your public key has been saved in /etc/ssh/ssh_host_dsa_key.pub.
[   13.625902] cloud-init[1050]: The key fingerprint is:
[   13.626383] cloud-init[1050]: SHA256:JtNQilsSJVeD4M4qd2bTu3+ojfM2e7lUFJIes7y+8Rs root@ubuntu-bionic
[   13.627176] cloud-init[1050]: The key's randomart image is:
[   13.627713] cloud-init[1050]: +---[DSA 1024]----+
[   13.628248] cloud-init[1050]: |    +ooo+ ...    |
[   13.628716] cloud-init[1050]: |   . =.o .+. .   |
[   13.629200] cloud-init[1050]: |    + +  o +.    |
[   13.629680] cloud-init[1050]: |   o + o  +.     |
[   13.630175] cloud-init[1050]: |    + o S  ..    |
[   13.630666] cloud-init[1050]: |   . . +  ..     |
[   13.631134] cloud-init[1050]: |. o = .  oo.E    |
[   13.631606] cloud-init[1050]: | o + ..++.=o .   |
[   13.632080] cloud-init[1050]: |      =B==ooo.   |
[   13.632591] cloud-init[1050]: +----[SHA256]-----+
[   13.633096] cloud-init[1050]: Generating public/private ecdsa key pair.
[   13.633693] cloud-init[1050]: Your identification has been saved in /etc/ssh/ssh_host_ecdsa_key.
[   13.634426] cloud-init[1050]: Your public key has been saved in /etc/ssh/ssh_host_ecdsa_key.pub.
[   13.635114] cloud-init[1050]: The key fingerprint is:
[   13.635602] cloud-init[1050]: SHA256:MApnGzyMy0WzhW9TOhcrb1iqbnfPgF2Oe6iL14m8XrI root@ubuntu-bionic
[   13.636386] cloud-init[1050]: The key's randomart image is:
[   13.636914] cloud-init[1050]: +---[ECDSA 256]---+
[   13.637384] cloud-init[1050]: |    o..          |
[   13.637906] cloud-init[1050]: |   =.+  o        |
[   13.638369] cloud-init[1050]: |  o X.oo o       |
[   13.639078] cloud-init[1050]: | . * =Bo+        |
[   13.639780] cloud-init[1050]: |  o o. XS .      |
[   13.640373] cloud-init[1050]: |      ooo+       |
[   13.640870] cloud-init[1050]: |     oo+=o.      |
[   13.641368] cloud-init[1050]: |    o.=+=+.      |
[   13.641779] cloud-init[1050]: |   oo+E=.oo      |
[   13.642268] cloud-init[1050]: +----[SHA256]-----+
[   13.642737] cloud-init[1050]: Generating public/private ed25519 key pair.
[   13.643303] cloud-init[1050]: Your identification has been saved in /etc/ssh/ssh_host_ed25519_key.
[   13.644095] cloud-init[1050]: Your public key has been saved in /etc/ssh/ssh_host_ed25519_key.pub.
[   13.644884] cloud-init[1050]: The key fingerprint is:
[   13.645384] cloud-init[1050]: SHA256:2BtMYodjbnAb/+DbFk7UBZghHiWXq91qvGA++A3YSxQ root@ubuntu-bionic
[   13.646095] cloud-init[1050]: The key's randomart image is:
[   13.646622] cloud-init[1050]: +--[ED25519 256]--+
[   13.647138] cloud-init[1050]: |        +.+=..   |
[   13.647639] cloud-init[1050]: |       o =+   .  |
[   13.648137] cloud-init[1050]: |    . O E  o .   |
[   13.648769] cloud-init[1050]: |     * % .o .    |
[   13.649249] cloud-init[1050]: |      = S+ .     |
[   13.649727] cloud-init[1050]: |     . =.=+ .    |
[   13.650110] cloud-init[1050]: |      ..O+.o     |
[   13.650605] cloud-init[1050]: |      .+.B*      |
[   13.651117] cloud-init[1050]: |       .=++.     |
[   13.651637] cloud-init[[0;32m  OK  [0m] Started Initial cloud-init job (metadata service crawler).
[[0;32m  OK  [0m] Reached target System Initialization.
[[0;32m  OK  [0m] Started Message of the Day.
[1050]: +----[SHA256]-----+
         Starting LXD - unix socket.
[[0;32m  OK  [0m] Listening on UUID daemon activation socket.
[[0;32m  OK  [0m] Started Daily Cleanup of Temporary Directories.
[[0;32m  OK  [0m] Listening on ACPID Listen Socket.
[[0;32m  OK  [0m] Listening on Open-iSCSI iscsid Socket.
[[0;32m  OK  [0m] Started Ubuntu Advantage Timer for running repeated jobs.
[[0;32m  OK  [0m] Started Discard unused blocks once a week.
[[0;32m  OK  [0m] Started ACPI Events Check.
[[0;32m  OK  [0m] Started Daily apt download activities.
[[0;32m  OK  [0m] Started Daily apt upgrade and clean activities.
[[0;32m  OK  [0m] Reached target Timers.
[[0;32m  OK  [0m] Listening on cloud-init hotplug hook socket.
         Starting Socket activation for snappy daemon.
[[0;32m  OK  [0m] Listening on D-Bus System Message Bus Socket.
[[0;32m  OK  [0m] Reached target Paths.
[[0;32m  OK  [0m] Reached target Cloud-config availability.
[[0;32m  OK  [0m] Reached target Network is Online.
         Starting Availability of block devices...
[[0;32m  OK  [0m] Reached target Remote File Systems (Pre).
[[0;32m  OK  [0m] Reached target Remote File Systems.
[[0;32m  OK  [0m] Listening on LXD - unix socket.
[[0;32m  OK  [0m] Listening on Socket activation for snappy daemon.
[[0;32m  OK  [0m] Started Availability of block devices.
[[0;32m  OK  [0m] Reached target Sockets.
[[0;32m  OK  [0m] Reached target Basic System.
         Starting LSB: Record successful boot for GRUB...
[[0;32m  OK  [0m] Started Regular background program processing daemon.
[[0;32m  OK  [0m] Started D-Bus System Message Bus.
         Starting Accounts Service...
         Starting Login Service...
[[0;32m  OK  [0m] Started Deferred execution scheduler.
[[0;32m  OK  [0m] Started FUSE filesystem for LXC.
         Starting Pollinate to seed the pseudo random number generator...
         Starting Permit User Sessions...
[[0;32m  OK  [0m] Reached target Login Prompts (Pre).
         Starting System Logging Service...
[[0;32m  OK  [0m] Started irqbalance daemon.
         Starting Virtualbox guest utils...
         Starting LSB: automatic crash report generation...
         Starting Dispatcher daemon for systemd-networkd...
         Starting Snap Daemon...
         Starting LXD - container startup/shutdown...
[[0;32m  OK  [0m] Started System Logging Service.
[[0;32m  OK  [0m] Started Permit User Sessions.
[[0;32m  OK  [0m] Started Login Service.
[[0;32m  OK  [0m] Started Unattended Upgrades Shutdown.
         Starting Hold until boot process finishes up...
         Starting Terminate Plymouth Boot Screen...
[[0;32m  OK  [0m] Started Hold until boot process finishes up.
[[0;32m  OK  [0m] Started Serial Getty on ttyS0.
         Starting Set console scheme...
[[0;32m  OK  [0m] Started Terminate Plymouth Boot Screen.
[[0;32m  OK  [0m] Started LSB: automatic crash report generation.
[[0;32m  OK  [0m] Started Set console scheme.
[[0;32m  OK  [0m] Created slice system-getty.slice.
[[0;32m  OK  [0m] Started Getty on tty1.
[[0;32m  OK  [0m] Reached target Login Prompts.
         Starting Authorization Manager...
[[0;32m  OK  [0m] Started LSB: Record successful boot for GRUB.
[[0;32m  OK  [0m] Started Authorization Manager.
[[0;32m  OK  [0m] Started Accounts Service.
[[0;32m  OK  [0m] Started LXD - container startup/shutdown.
[[0;32m  OK  [0m] Started Virtualbox guest utils.
[[0;32m  OK  [0m] Started Dispatcher daemon for systemd-networkd.
[[0;32m  OK  [0m] Started Snap Daemon.
         Starting Wait until snapd is fully seeded...
         Starting Time & Date Service...
[[0;32m  OK  [0m] Started Time & Date Service.
[[0;32m  OK  [0m] Started Pollinate to seed the pseudo random number generator.
         Starting OpenBSD Secure Shell server...
[[0;32m  OK  [0m] Started OpenBSD Secure Shell server.
[[0;32m  OK  [0m] Created slice User Slice of vagrant.
         Starting User Manager for UID 1000...
[[0;32m  OK  [0m] Started Session 1 of user vagrant.
[[0;32m  OK  [0m] Started User Manager for UID 1000.
[[0;32m  OK  [0m] Started Wait until snapd is fully seeded.
         Starting Apply the settings specified in cloud-config...
[   19.124477] cloud-init[1940]: Cloud-init v. 23.1.2-0ubuntu0~18.04.1 running 'modules:config' at Wed, 26 Jun 2024 05:29:10 +0000. Up 18.89 seconds.
ci-info: no authorized SSH keys fingerprints found for user ubuntu.
<14>Jun 26 05:29:11 cloud-init: #############################################################
<14>Jun 26 05:29:11 cloud-init: -----BEGIN SSH HOST KEY FINGERPRINTS-----
<14>Jun 26 05:29:11 cloud-init: 1024 SHA256:JtNQilsSJVeD4M4qd2bTu3+ojfM2e7lUFJIes7y+8Rs root@ubuntu-bionic (DSA)
<14>Jun 26 05:29:11 cloud-init: 256 SHA256:MApnGzyMy0WzhW9TOhcrb1iqbnfPgF2Oe6iL14m8XrI root@ubuntu-bionic (ECDSA)
<14>Jun 26 05:29:11 cloud-init: 256 SHA256:2BtMYodjbnAb/+DbFk7UBZghHiWXq91qvGA++A3YSxQ root@ubuntu-bionic (ED25519)
<14>Jun 26 05:29:11 cloud-init: 2048 SHA256:69c8+EaYO9aaxYQYM/gN+h05JnhxzMx6mFDQzp8WVnA root@ubuntu-bionic (RSA)
<14>Jun 26 05:29:11 cloud-init: -----END SSH HOST KEY FINGERPRINTS-----
<14>Jun 26 05:29:11 cloud-init: #############################################################
-----BEGIN SSH HOST KEY KEYS-----
ecdsa-sha2-nistp256 AAAAE2VjZHNhLXNoYTItbmlzdHAyNTYAAAAIbmlzdHAyNTYAAABBBPE+gUyw5hgrPuo4KvYDnMQlgtYI6zvVpHuhbJ1/FxCwIIdav+lrOiDWod2PC3slCP+PeyQ67bUO1n2HugD11ao= root@ubuntu-bionic
ssh-ed25519 AAAAC3NzaC1lZDI1NTE5AAAAIIqHCQzvgeY9+3iuuWzerepsCSv1IbybBBN6AiY7ffiB root@ubuntu-bionic
ssh-rsa AAAAB3NzaC1yc2EAAAADAQABAAABAQDKNPkCA92u9oRafrKaQOrPeGom4ip6D6FdrHHuvRtrTvb5WH6haHg6Tgz/BfnbbxNfSbRY1DkUGQPa8+F26Fk26DOt5sCmYWLEQbKHfMm8rEvDhESwfQNCM9gSahCBEzmCwt8xIdQvc1SS38/N6ps81eA8SkY7cTddWWJ7X55oVSgmUGURgOCdowx/a7uGDUa+xApekfr6MdB/LHTv8MmnjnF5Eun1PMf7pmOhIyRAsTh6m8w0kAUEy30BIqQfNK2J3ky/wSL7NhTiwUeOKNC0P0Ofn/ht40Urz6e7NEx4j+hZzGK08dlJacsfDFYAondCqalbOlQ3a77WH2qKAOo7 root@ubuntu-bionic
-----END SSH HOST KEY KEYS-----
[   19.544739] cloud-init[2070]: Cloud-init v. 23.1.2-0ubuntu0~18.04.1 running 'modules:final' at Wed, 26 Jun 2024 05:29:11 +0000. Up 19.43 seconds.
[   19.545851] cloud-init[2070]: Cloud-init v. 23.1.2-0ubuntu0~18.04.1 finished at Wed, 26 Jun 2024 05:29:11 +0000. Datasource DataSourceNoCloud [seed=/dev/sdb][dsmode=net].  Up 19.53 seconds

Ubuntu 18.04.6 LTS ubuntu-bionic ttyS0

ubuntu-bionic login: [[0;32m  OK  [0m] Stopped target Graphical Interface.
         Stopping Accounts Service...
         Stopping PackageKit Daemon...
[[0;32m  OK  [0m] Closed Load/Save RF Kill Switch Status /dev/rfkill Watch.
         Stopping User Manager for UID 1000...
         Stopping Disk Manager...
         Stopping Authorization Manager...
[[0;32m  OK  [0m] Stopped target Timers.
[[0;32m  OK  [0m] Stopped Message of the Day.
[[0;32m  OK  [0m] Stopped Daily apt upgrade and clean activities.
[[0;32m  OK  [0m] Stopped Daily apt download activities.
[[0;32m  OK  [0m] Stopped target Host and Network Name Lookups.
         Stopping Availability of block devices...
[[0;32m  OK  [0m] Stopped Discard unused blocks once a week.
[[0;32m  OK  [0m] Stopped target Cloud-init target.
[[0;32m  OK  [0m] Stopped Trigger anacron every hour.
[[0;32m  OK  [0m] Stopped target System Time Synchronized.
[[0;32m  OK  [0m] Stopped Daily Cleanup of Temporary Directories.
         Stopping Agent daemon for Spice guests...
[[0;32m  OK  [0m] Stopped Execute cloud user/final scripts.
[[0;32m  OK  [0m] Stopped Apply the settings specified in cloud-config.
[[0;32m  OK           Stopping Serial Getty on ttyS0...
         Stopping Getty on tty1...
         Stopping FUSE filesystem for LXC...
         Stopping LSB: Record successful boot for GRUB...
         Stopping irqbalance daemon...
         Stopping Unattended Upgrades Shutdown...
         Stopping LXD - container startup/shutdown...
[[0;32m  OK  [0m] Stopped Wait until snapd is fully seeded.
         Stopping Docker Application Container Engine...
         Stopping System Logging Service...
         Stopping Deferred execution scheduler...
         Stopping Dispatcher daemon for systemd-networkd...
         Stopping OpenBSD Secure Shell server...
         Stopping Session 5 of user vagrant.
         Stopping Virtualbox guest utils...
         Stopping Regular background program processing daemon...
         Stopping LSB: automatic crash report generation...
[[0;32m  OK  [0m] Unmounted /var/lib/lxcfs.
[[0;32m  OK  [0m] Stopped Regular background program processing daemon.
[[0;32m  OK  [0m] Stopped Accounts Service.
[[0;32m  OK  [0m] Stopped Deferred execution scheduler.
[[0;32m  OK  [0m] Stopped irqbalance daemon.
[[0;32m  OK  [0m] Stopped Dispatcher daemon for systemd-networkd.
[[0;32m  OK  [0m] Stopped Unattended Upgrades Shutdown.
[[0;32m  OK  [0m] Stopped Serial Getty on ttyS0.
[[0;32m  OK  [0m] Stopped Getty on tty1.
[[0;32m  OK  [0m] Stopped System Logging Service.
[[0;32m  OK  [0m] Stopped Authorization Manager.
[[0;32m  OK  [0m] Stopped OpenBSD Secure Shell server.
[[0;32m  OK  [0m] Stopped Agent daemon for Spice guests.
[[0;32m  OK  [0m] Stopped Disk Manager.
[[0;32m  OK  [0m] Stopped PackageKit Daemon.
[[0;32m  OK  [0m] Stopped Docker Application Container Engine.
[[0;32m  OK  [0m] Stopped User Manager for UID 1000.
[[0;32m  OK  [0m] Stopped FUSE filesystem for LXC.
[[0;32m  OK  [0m] Stopped Session 5 of user vagrant.
[[0;32m  OK  [0m] Stopped Availability of block devices.
[[0;32m  OK  [0m] Removed slice User Slice of vagrant.
         Stopping containerd container runtime...
[[0;32m  OK  [0m] Removed slice system-getty.slice.
         Stopping Permit User Sessions...
[[0;32m  OK  [0m] Removed slice system-serial\x2dgetty.slice.
[[0;32m  OK  [0m] Stopped target Login Prompts (Pre).
         Stopping Login Service...
[[0;32m  OK  [0m] Stopped containerd container runtime.
[[0;32m  OK  [0m] Stopped LSB: Record successful boot for GRUB.
[[0;32m  OK  [0m] Stopped LXD - container startup/shutdown.
[[0;32m  OK  [0m] Stopped LSB: automatic crash report generation.
[[0;32m  OK  [0m] Stopped Permit User Sessions.
[[0;32m  OK  [0m] Stopped Virtualbox guest utils.
[[0;32m  OK  [0m] Stopped target Remote File Systems.
         Unmounting /vagrant...
[[0;32m  OK  [0m] Unmounted /vagrant.
[[0;32m  OK  [0m] Stopped target Remote File Systems (Pre).
[[0;32m  OK  [0m] Stopped target Network is Online.
[[0;32m  OK  [0m] Stopped target Network.
         Stopping WPA supplicant...
         Stopping Network Name Resolution...
[[0;32m  OK  [0m] Stopped WPA supplicant.
         Stopping D-Bus System Message Bus...
[[0;32m  OK  [0m] Stopped D-Bus System Message Bus.
[[0;32m  OK  [0m] Stopped Login Service.
[[0;32m  OK  [0m] Stopped target Basic System.
[[0;32m  OK  [0m] Stopped target Slices.
[[0;32m  OK  [0m] Removed slice User and Session Slice.
[[0;32m  OK  [0m] Stopped target Paths.
[[0;32m  OK  [0m] Stopped ACPI Events Check.
[[0;32m  OK  [0m] Stopped target Sockets.
[[0;32m  OK  [0m] Closed Socket activation for snappy daemon.
[[0;32m  OK  [0m] Closed UUID daemon activation socket.
[[0;32m  OK  [0m] Closed Docker Socket for the API.
[[0;32m  OK  [0m] Closed LXD - unix socket.
[[0;32m  OK  [0m] Closed ACPID Listen Socket.
[[0;32m  OK  [0m] Closed cloud-init hotplug hook socket.
[[0;32m  OK  [0m] Closed Open-iSCSI iscsid Socket.
[[0;32m  OK  [0m] Closed Syslog Socket.
[[0;32m  OK  [0m] Closed D-Bus System Message Bus Socket.
[[0;32m  OK  [0m] Stopped target System Initialization.
[[0;32m  OK  [0m] Stopped Commit a transient machine-id on disk.
         Stopping Update UTMP about System Boot/Shutdown...
[[0;32m  OK  [0m] Stopped target Local Encrypted Volumes.
[[0;32m  OK  [0m] Stopped Forward Password Requests to Wall Directory Watch.
[[0;32m  OK  [0m] Stopped Dispatch Password Requests to Console Directory Watch.
[[0;32m  OK  [0m] Stopped Initial cloud-init job (metadata service crawler).
[[0;32m  OK  [0m] Stopped Wait for Network to be Configured.
         Stopping Load/Save Random Seed...
[[0;32m  OK  [0m] Stopped target User and Group Name Lookups.
[[0;32m  OK  [0m] Stopped Network Name Resolution.
[[0;32m  OK  [0m] Stopped Load/Save Random Seed.
         Stopping Network Service...
[[0;32m  OK  [0m] Stopped Update UTMP about System Boot/Shutdown.
[[0;32m  OK  [0m] Stopped Create Volatile Files and Directories.
[[0;32m  OK  [0m] Stopped target Local File Systems.
[[0;32m  OK  [0m] Stopped target Mounted snaps.
[[0;32m  OK  [0m] Stopped target Mounting snaps.
         Unmounting /run/user/1000...
[[0;32m  OK  [0m] Unmounted /run/user/1000.
[[0;32m  OK  [0m] Reached target Unmount All Filesystems.
[[0;32m  OK  [0m] Stopped target Swap.
[[0;32m  OK  [0m] Stopped target Local File Systems (Pre).
[[0;32m  OK  [0m] Stopped Create Static Device Nodes in /dev.
         Stopping Monitoring of LVM2 mirrors…ng dmeventd or progress polling...
[[0;32m  OK  [0m] Stopped Monitoring of LVM2 mirrors,…sing dmeventd or progress polling.
         Stopping LVM2 metadata daemon...
[[0;32m  OK  [0m] Stopped LVM2 metadata daemon.
[[0;32m  OK  [0m] Stopped Network Service.
[[0;32m  OK  [0m] Stopped Apply Kernel Variables.
[[0;32m  OK  [0m] Stopped Load Kernel Modules.
[[0;32m  OK  [0m] Stopped target Network (Pre).
[[0;32m  OK  [0m] Stopped Initial cloud-init job (pre-networking).
[[0;32m  OK  [0m] Stopped Remount Root and Kernel File Systems.
[[0;32m  OK  [0m] Reached target Shutdown.
[[0;32m  OK  [0m] Reached target Final Step.
         Starting Reboot...
[  551.884984] reboot: Restarting system
[    0.000000] Linux version 4.15.0-213-generic (buildd@lcy02-amd64-079) (gcc version 7.5.0 (Ubuntu 7.5.0-3ubuntu1~18.04)) #224-Ubuntu SMP Mon Jun 19 13:30:12 UTC 2023 (Ubuntu 4.15.0-213.224-generic 4.15.18)
[    0.000000] Command line: BOOT_IMAGE=/boot/vmlinuz-4.15.0-213-generic root=UUID=f685bb41-0e3b-40c4-89c1-eea0f0583525 ro console=tty1 console=ttyS0
[    0.000000] KERNEL supported cpus:
[    0.000000]   Intel GenuineIntel
[    0.000000]   AMD AuthenticAMD
[    0.000000]   Centaur CentaurHauls
[    0.000000] [Firmware Bug]: TSC doesn't count with P0 frequency!
[    0.000000] x86/fpu: Supporting XSAVE feature 0x001: 'x87 floating point registers'
[    0.000000] x86/fpu: Supporting XSAVE feature 0x002: 'SSE registers'
[    0.000000] x86/fpu: Supporting XSAVE feature 0x004: 'AVX registers'
[    0.000000] x86/fpu: xstate_offset[2]:  576, xstate_sizes[2]:  256
[    0.000000] x86/fpu: Enabled xstate features 0x7, context size is 832 bytes, using 'standard' format.
[    0.000000] e820: BIOS-provided physical RAM map:
[    0.000000] BIOS-e820: [mem 0x0000000000000000-0x000000000009fbff] usable
[    0.000000] BIOS-e820: [mem 0x000000000009fc00-0x000000000009ffff] reserved
[    0.000000] BIOS-e820: [mem 0x00000000000f0000-0x00000000000fffff] reserved
[    0.000000] BIOS-e820: [mem 0x0000000000100000-0x00000000dffeffff] usable
[    0.000000] BIOS-e820: [mem 0x00000000dfff0000-0x00000000dfffffff] ACPI data
[    0.000000] BIOS-e820: [mem 0x00000000fec00000-0x00000000fec00fff] reserved
[    0.000000] BIOS-e820: [mem 0x00000000fee00000-0x00000000fee00fff] reserved
[    0.000000] BIOS-e820: [mem 0x00000000fffc0000-0x00000000ffffffff] reserved
[    0.000000] BIOS-e820: [mem 0x0000000100000000-0x000000021fffffff] usable
[    0.000000] NX (Execute Disable) protection: active
[    0.000000] SMBIOS 2.5 present.
[    0.000000] DMI: innotek GmbH VirtualBox/VirtualBox, BIOS VirtualBox 12/01/2006
[    0.000000] Hypervisor detected: KVM
[    0.000000] e820: last_pfn = 0x220000 max_arch_pfn = 0x400000000
[    0.000000] MTRR: Disabled
[    0.000000] x86/PAT: MTRRs disabled, skipping PAT initialization too.
[    0.000000] CPU MTRRs all blank - virtualized system.
[    0.000000] x86/PAT: Configuration [0-7]: WB  WT  UC- UC  WB  WT  UC- UC  
[    0.000000] e820: last_pfn = 0xdfff0 max_arch_pfn = 0x400000000
[    0.000000] found SMP MP-table at [mem 0x0009fff0-0x0009ffff]
[    0.000000] Scanning 1 areas for low memory corruption
[    0.000000] RAMDISK: [mem 0x35819000-0x36c03fff]
[    0.000000] ACPI: Early table checksum verification disabled
[    0.000000] ACPI: RSDP 0x00000000000E0000 000024 (v02 VBOX  )
[    0.000000] ACPI: XSDT 0x00000000DFFF0030 00003C (v01 VBOX   VBOXXSDT 00000001 ASL  00000061)
[    0.000000] ACPI: FACP 0x00000000DFFF00F0 0000F4 (v04 VBOX   VBOXFACP 00000001 ASL  00000061)
[    0.000000] ACPI: DSDT 0x00000000DFFF0620 002353 (v02 VBOX   VBOXBIOS 00000002 INTL 20100528)
[    0.000000] ACPI: FACS 0x00000000DFFF0200 000040
[    0.000000] ACPI: FACS 0x00000000DFFF0200 000040
[    0.000000] ACPI: APIC 0x00000000DFFF0240 00006C (v02 VBOX   VBOXAPIC 00000001 ASL  00000061)
[    0.000000] ACPI: SSDT 0x00000000DFFF02B0 00036C (v01 VBOX   VBOXCPUT 00000002 INTL 20100528)
[    0.000000] ACPI: Reserving FACP table memory at [mem 0xdfff00f0-0xdfff01e3]
[    0.000000] ACPI: Reserving DSDT table memory at [mem 0xdfff0620-0xdfff2972]
[    0.000000] ACPI: Reserving FACS table memory at [mem 0xdfff0200-0xdfff023f]
[    0.000000] ACPI: Reserving FACS table memory at [mem 0xdfff0200-0xdfff023f]
[    0.000000] ACPI: Reserving APIC table memory at [mem 0xdfff0240-0xdfff02ab]
[    0.000000] ACPI: Reserving SSDT table memory at [mem 0xdfff02b0-0xdfff061b]
[    0.000000] No NUMA configuration found
[    0.000000] Faking a node at [mem 0x0000000000000000-0x000000021fffffff]
[    0.000000] NODE_DATA(0) allocated [mem 0x21ffd1000-0x21fffbfff]
[    0.000000] kvm-clock: cpu 0, msr 2:1ff50001, primary cpu clock
[    0.000000] kvm-clock: Using msrs 4b564d01 and 4b564d00
[    0.000000] kvm-clock: using sched offset of 3442969311 cycles
[    0.000000] clocksource: kvm-clock: mask: 0xffffffffffffffff max_cycles: 0x1cd42e4dffb, max_idle_ns: 881590591483 ns
[    0.000000] Zone ranges:
[    0.000000]   DMA      [mem 0x0000000000001000-0x0000000000ffffff]
[    0.000000]   DMA32    [mem 0x0000000001000000-0x00000000ffffffff]
[    0.000000]   Normal   [mem 0x0000000100000000-0x000000021fffffff]
[    0.000000]   Device   empty
[    0.000000] Movable zone start for each node
[    0.000000] Early memory node ranges
[    0.000000]   node   0: [mem 0x0000000000001000-0x000000000009efff]
[    0.000000]   node   0: [mem 0x0000000000100000-0x00000000dffeffff]
[    0.000000]   node   0: [mem 0x0000000100000000-0x000000021fffffff]
[    0.000000] Reserved but unavailable: 104 pages
[    0.000000] Initmem setup node 0 [mem 0x0000000000001000-0x000000021fffffff]
[    0.000000] ACPI: PM-Timer IO Port: 0x4008
[    0.000000] IOAPIC[0]: apic_id 4, version 32, address 0xfec00000, GSI 0-23
[    0.000000] ACPI: INT_SRC_OVR (bus 0 bus_irq 0 global_irq 2 dfl dfl)
[    0.000000] ACPI: INT_SRC_OVR (bus 0 bus_irq 9 global_irq 9 low level)
[    0.000000] Using ACPI (MADT) for SMP configuration information
[    0.000000] smpboot: Allowing 4 CPUs, 0 hotplug CPUs
[    0.000000] PM: Registered nosave memory: [mem 0x00000000-0x00000fff]
[    0.000000] PM: Registered nosave memory: [mem 0x0009f000-0x0009ffff]
[    0.000000] PM: Registered nosave memory: [mem 0x000a0000-0x000effff]
[    0.000000] PM: Registered nosave memory: [mem 0x000f0000-0x000fffff]
[    0.000000] PM: Registered nosave memory: [mem 0xdfff0000-0xdfffffff]
[    0.000000] PM: Registered nosave memory: [mem 0xe0000000-0xfebfffff]
[    0.000000] PM: Registered nosave memory: [mem 0xfec00000-0xfec00fff]
[    0.000000] PM: Registered nosave memory: [mem 0xfec01000-0xfedfffff]
[    0.000000] PM: Registered nosave memory: [mem 0xfee00000-0xfee00fff]
[    0.000000] PM: Registered nosave memory: [mem 0xfee01000-0xfffbffff]
[    0.000000] PM: Registered nosave memory: [mem 0xfffc0000-0xffffffff]
[    0.000000] e820: [mem 0xe0000000-0xfebfffff] available for PCI devices
[    0.000000] Booting paravirtualized kernel on KVM
[    0.000000] clocksource: refined-jiffies: mask: 0xffffffff max_cycles: 0xffffffff, max_idle_ns: 7645519600211568 ns
[    0.000000] setup_percpu: NR_CPUS:8192 nr_cpumask_bits:4 nr_cpu_ids:4 nr_node_ids:1
[    0.000000] percpu: Embedded 50 pages/cpu s167936 r8192 d28672 u524288
[    0.000000] PV qspinlock hash table entries: 256 (order: 0, 4096 bytes)
[    0.000000] Built 1 zonelists, mobility grouping on.  Total pages: 2064249
[    0.000000] Policy zone: Normal
[    0.000000] Kernel command line: BOOT_IMAGE=/boot/vmlinuz-4.15.0-213-generic root=UUID=f685bb41-0e3b-40c4-89c1-eea0f0583525 ro console=tty1 console=ttyS0
[    0.000000] Memory: 8140752K/8388152K available (12300K kernel code, 2477K rwdata, 4324K rodata, 2480K init, 2720K bss, 247400K reserved, 0K cma-reserved)
[    0.000000] SLUB: HWalign=64, Order=0-3, MinObjects=0, CPUs=4, Nodes=1
[    0.000000] ftrace: allocating 39508 entries in 155 pages
[    0.004000] Hierarchical RCU implementation.
[    0.004000] 	RCU restricting CPUs from NR_CPUS=8192 to nr_cpu_ids=4.
[    0.004000] 	Tasks RCU enabled.
[    0.004000] RCU: Adjusting geometry for rcu_fanout_leaf=16, nr_cpu_ids=4
[    0.004000] NR_IRQS: 524544, nr_irqs: 456, preallocated irqs: 16
[    0.004000] random: crng init done
[    0.004000] Console: colour VGA+ 80x25
[    0.004000] console [tty1] enabled
[    0.004000] console [ttyS0] enabled
[    0.004000] ACPI: Core revision 20170831
[    0.004000] ACPI: 2 ACPI AML tables successfully acquired and loaded
[    0.004000] APIC: Switch to symmetric I/O mode setup
[    0.004000] x2apic enabled
[    0.004000] Switched APIC routing to physical x2apic.
[    0.004000] ..TIMER: vector=0x30 apic1=0 pin1=2 apic2=-1 pin2=-1
[    0.004000] tsc: Detected 3593.254 MHz processor
[    0.004000] Calibrating delay loop (skipped) preset value.. 7186.50 BogoMIPS (lpj=14373016)
[    0.004000] pid_max: default: 32768 minimum: 301
[    0.004000] Security Framework initialized
[    0.004000] Yama: becoming mindful.
[    0.004000] AppArmor: AppArmor initialized
[    0.004000] Dentry cache hash table entries: 1048576 (order: 11, 8388608 bytes)
[    0.004000] Inode-cache hash table entries: 524288 (order: 10, 4194304 bytes)
[    0.004000] Mount-cache hash table entries: 16384 (order: 5, 131072 bytes)
[    0.004000] Mountpoint-cache hash table entries: 16384 (order: 5, 131072 bytes)
[    0.004000] Last level iTLB entries: 4KB 1024, 2MB 1024, 4MB 512
[    0.004000] Last level dTLB entries: 4KB 2048, 2MB 2048, 4MB 1024, 1GB 0
[    0.004000] Spectre V1 : Mitigation: usercopy/swapgs barriers and __user pointer sanitization
[    0.004000] Spectre V2 : Mitigation: Retpolines
[    0.004000] Spectre V2 : Spectre v2 / SpectreRSB mitigation: Filling RSB on context switch
[    0.004000] Spectre V2 : Spectre v2 / SpectreRSB : Filling RSB on VMEXIT
[    0.004000] RETBleed: Vulnerable
[    0.004000] Freeing SMP alternatives memory: 36K
[    0.122780] APIC calibration not consistent with PM-Timer: 106ms instead of 100ms
[    0.123778] APIC delta adjusted to PM-Timer: 6429820 (6868056)
[    0.124050] smpboot: CPU0: AMD Ryzen 5 3500X 6-Core Processor (family: 0x17, model: 0x71, stepping: 0x0)
[    0.125185] Performance Events: PMU not available due to virtualization, using software events only.
[    0.126244] Hierarchical SRCU implementation.
[    0.127195] NMI watchdog: Perf event create on CPU 0 failed with -2
[    0.127894] NMI watchdog: Perf NMI watchdog permanently disabled
[    0.128000] smp: Bringing up secondary CPUs ...
[    0.128068] x86: Booting SMP configuration:
[    0.128641] .... node  #0, CPUs:      #1
[    0.004000] kvm-clock: cpu 1, msr 2:1ff50041, secondary cpu clock
[    0.132070]  #2
[    0.004000] kvm-clock: cpu 2, msr 2:1ff50081, secondary cpu clock
[    0.136058]  #3
[    0.004000] kvm-clock: cpu 3, msr 2:1ff500c1, secondary cpu clock
[    0.138932] smp: Brought up 1 node, 4 CPUs
[    0.138932] smpboot: Max logical packages: 1
[    0.140003] smpboot: Total of 4 processors activated (28746.03 BogoMIPS)
[    0.140968] devtmpfs: initialized
[    0.140968] x86/mm: Memory block size: 128MB
[    0.141419] evm: security.selinux
[    0.141830] evm: security.SMACK64
[    0.142236] evm: security.SMACK64EXEC
[    0.144007] evm: security.SMACK64TRANSMUTE
[    0.144483] evm: security.SMACK64MMAP
[    0.144898] evm: security.apparmor
[    0.145310] evm: security.ima
[    0.145674] evm: security.capability
[    0.146112] clocksource: jiffies: mask: 0xffffffff max_cycles: 0xffffffff, max_idle_ns: 7645041785100000 ns
[    0.146112] futex hash table entries: 1024 (order: 4, 65536 bytes)
[    0.146112] pinctrl core: initialized pinctrl subsystem
[    0.148077] RTC time:  5:38:07, date: 06/26/24
[    0.148744] NET: Registered protocol family 16
[    0.149316] audit: initializing netlink subsys (disabled)
[    0.149968] audit: type=2000 audit(1719380293.208:1): state=initialized audit_enabled=0 res=1
[    0.149968] cpuidle: using governor ladder
[    0.149968] cpuidle: using governor menu
[    0.152002] ACPI: bus type PCI registered
[    0.152002] acpiphp: ACPI Hot Plug PCI Controller Driver version: 0.5
[    0.152002] PCI: Using configuration type 1 for base access
[    0.152002] PCI: Using configuration type 1 for extended access
[    0.152685] HugeTLB registered 2.00 MiB page size, pre-allocated 0 pages
[    0.156056] ACPI: Added _OSI(Module Device)
[    0.156056] ACPI: Added _OSI(Processor Device)
[    0.156526] ACPI: Added _OSI(3.0 _SCP Extensions)
[    0.157083] ACPI: Added _OSI(Processor Aggregator Device)
[    0.157709] ACPI: Added _OSI(Linux-Dell-Video)
[    0.158235] ACPI: Added _OSI(Linux-Lenovo-NV-HDMI-Audio)
[    0.158844] ACPI: Added _OSI(Linux-HPI-Hybrid-Graphics)
[    0.159670] ACPI: Executed 1 blocks of module-level executable AML code
[    0.162361] ACPI: Interpreter enabled
[    0.162853] ACPI: (supports S0 S5)
[    0.163294] ACPI: Using IOAPIC for interrupt routing
[    0.164184] PCI: Using host bridge windows from ACPI; if necessary, use "pci=nocrs" and report a bug
[    0.165338] ACPI: Enabled 2 GPEs in block 00 to 07
[    0.169693] ACPI: PCI Root Bridge [PCI0] (domain 0000 [bus 00-ff])
[    0.170461] acpi PNP0A03:00: _OSC: OS supports [ExtendedConfig ASPM ClockPM Segments MSI]
[    0.172000] acpi PNP0A03:00: _OSC: platform does not support [PCIeCapability]
[    0.172375] acpi PNP0A03:00: _OSC: not requesting control; platform does not support [PCIeCapability]
[    0.173421] acpi PNP0A03:00: _OSC: OS requested [PCIeHotplug PME AER PCIeCapability]
[    0.174340] acpi PNP0A03:00: _OSC: platform willing to grant [PCIeHotplug PME AER]
[    0.175353] acpi PNP0A03:00: _OSC failed (AE_SUPPORT); disabling ASPM
[    0.176205] PCI host bridge to bus 0000:00
[    0.176773] pci_bus 0000:00: root bus resource [io  0x0000-0x0cf7 window]
[    0.177724] pci_bus 0000:00: root bus resource [io  0x0d00-0xffff window]
[    0.178572] pci_bus 0000:00: root bus resource [mem 0x000a0000-0x000bffff window]
[    0.179437] pci_bus 0000:00: root bus resource [mem 0xe0000000-0xfdffffff window]
[    0.180000] pci_bus 0000:00: root bus resource [bus 00-ff]
[    0.181478] pci 0000:00:01.1: legacy IDE quirk: reg 0x10: [io  0x01f0-0x01f7]
[    0.182321] pci 0000:00:01.1: legacy IDE quirk: reg 0x14: [io  0x03f6]
[    0.183130] pci 0000:00:01.1: legacy IDE quirk: reg 0x18: [io  0x0170-0x0177]
[    0.183922] pci 0000:00:01.1: legacy IDE quirk: reg 0x1c: [io  0x0376]
[    0.208895] pci 0000:00:07.0: quirk: [io  0x4000-0x403f] claimed by PIIX4 ACPI
[    0.209849] pci 0000:00:07.0: quirk: [io  0x4100-0x410f] claimed by PIIX4 SMB
[    0.220000] ACPI: PCI Interrupt Link [LNKA] (IRQs 5 9 10 *11)
[    0.220000] ACPI: PCI Interrupt Link [LNKB] (IRQs 5 9 *10 11)
[    0.220081] ACPI: PCI Interrupt Link [LNKC] (IRQs 5 *9 10 11)
[    0.220816] ACPI: PCI Interrupt Link [LNKD] (IRQs 5 9 10 *11)
[    0.221799] SCSI subsystem initialized
[    0.222277] pci 0000:00:02.0: vgaarb: setting as boot VGA device
[    0.222277] pci 0000:00:02.0: vgaarb: VGA device added: decodes=io+mem,owns=io+mem,locks=none
[    0.222277] pci 0000:00:02.0: vgaarb: bridge control possible
[    0.222375] vgaarb: loaded
[    0.222729] ACPI: bus type USB registered
[    0.224015] usbcore: registered new interface driver usbfs
[    0.224681] usbcore: registered new interface driver hub
[    0.225309] usbcore: registered new device driver usb
[    0.228015] EDAC MC: Ver: 3.0.0
[    0.228550] PCI: Using ACPI for IRQ routing
[    0.228731] NetLabel: Initializing
[    0.232003] NetLabel:  domain hash size = 128
[    0.232532] NetLabel:  protocols = UNLABELED CIPSOv4 CALIPSO
[    0.233165] NetLabel:  unlabeled traffic allowed by default
[    0.233807] clocksource: Switched to clocksource kvm-clock
[    0.240951] VFS: Disk quotas dquot_6.6.0
[    0.241498] VFS: Dquot-cache hash table entries: 512 (order 0, 4096 bytes)
[    0.242371] AppArmor: AppArmor Filesystem Enabled
[    0.242953] pnp: PnP ACPI init
[    0.244070] pnp: PnP ACPI: found 3 devices
[    0.251845] clocksource: acpi_pm: mask: 0xffffff max_cycles: 0xffffff, max_idle_ns: 2085701024 ns
[    0.252890] NET: Registered protocol family 2
[    0.253728] IP idents hash table entries: 131072 (order: 8, 1048576 bytes)
[    0.255171] TCP established hash table entries: 65536 (order: 7, 524288 bytes)
[    0.256104] TCP bind hash table entries: 65536 (order: 8, 1048576 bytes)
[    0.256932] TCP: Hash tables configured (established 65536 bind 65536)
[    0.257682] UDP hash table entries: 4096 (order: 5, 131072 bytes)
[    0.258382] UDP-Lite hash table entries: 4096 (order: 5, 131072 bytes)
[    0.259140] NET: Registered protocol family 1
[    0.259693] pci 0000:00:00.0: Limiting direct PCI/PCI transfers
[    0.260613] pci 0000:00:01.0: Activating ISA DMA hang workarounds
[    0.261448] pci 0000:00:02.0: Video device with shadowed ROM at [mem 0x000c0000-0x000dffff]
[    0.262467] Unpacking initramfs...
[    0.476150] Freeing initrd memory: 20396K
[    0.476832] PCI-DMA: Using software bounce buffering for IO (SWIOTLB)
[    0.477660] software IO TLB: mapped [mem 0xdbff0000-0xdfff0000] (64MB)
[    0.478566] clocksource: tsc: mask: 0xffffffffffffffff max_cycles: 0x33cb6ecbec8, max_idle_ns: 440795311068 ns
[    0.479906] platform rtc_cmos: registered platform RTC device (no PNP device found)
[    0.481248] Scanning for low memory corruption every 60 seconds
[    0.482424] Initialise system trusted keyrings
[    0.482950] Key type blacklist registered
[    0.483455] workingset: timestamp_bits=36 max_order=21 bucket_order=0
[    0.484829] zbud: loaded
[    0.485546] squashfs: version 4.0 (2009/01/31) Phillip Lougher
[    0.486368] fuse init (API version 7.26)
[    0.489219] Key type asymmetric registered
[    0.489708] Asymmetric key parser 'x509' registered
[    0.490291] Block layer SCSI generic (bsg) driver version 0.4 loaded (major 246)
[    0.491188] io scheduler noop registered
[    0.491651] io scheduler deadline registered
[    0.492181] io scheduler cfq registered (default)
[    0.492957] ACPI: AC Adapter [AC] (on-line)
[    0.493480] input: Power Button as /devices/LNXSYSTM:00/LNXPWRBN:00/input/input0
[    0.494370] ACPI: Power Button [PWRF]
[    0.494981] input: Sleep Button as /devices/LNXSYSTM:00/LNXSLPBN:00/input/input1
[    0.495980] ACPI: Sleep Button [SLPF]
[    0.496764] Serial: 8250/16550 driver, 32 ports, IRQ sharing enabled
[    0.517866] 00:02: ttyS0 at I/O 0x3f8 (irq = 4, base_baud = 115200) is a 16550A
[    0.520971] Linux agpgart interface v0.103
[    0.522565] loop: module loaded
[    0.523351] scsi host0: ata_piix
[    0.523918] scsi host1: ata_piix
[    0.524361] ata1: PATA max UDMA/33 cmd 0x1f0 ctl 0x3f6 bmdma 0xd000 irq 14
[    0.525111] ata2: PATA max UDMA/33 cmd 0x170 ctl 0x376 bmdma 0xd008 irq 15
[    0.525925] tun: Universal TUN/TAP device driver, 1.6
[    0.526548] PPP generic driver version 2.4.2
[    0.527095] ehci_hcd: USB 2.0 'Enhanced' Host Controller (EHCI) Driver
[    0.527827] ehci-pci: EHCI PCI platform driver
[    0.528375] ehci-platform: EHCI generic platform driver
[    0.528962] ohci_hcd: USB 1.1 'Open' Host Controller (OHCI) Driver
[    0.529640] ohci-pci: OHCI PCI platform driver
[    0.530164] ohci-platform: OHCI generic platform driver
[    0.530770] uhci_hcd: USB Universal Host Controller Interface driver
[    0.531495] i8042: PNP: PS/2 Controller [PNP0303:PS2K,PNP0f03:PS2M] at 0x60,0x64 irq 1,12
[    0.532814] serio: i8042 KBD port at 0x60,0x64 irq 1
[    0.533399] serio: i8042 AUX port at 0x60,0x64 irq 12
[    0.534048] mousedev: PS/2 mouse device common for all mice
[    0.535061] input: AT Translated Set 2 keyboard as /devices/platform/i8042/serio0/input/input2
[    0.536156] rtc_cmos rtc_cmos: rtc core: registered rtc_cmos as rtc0
[    0.536924] rtc_cmos rtc_cmos: alarms up to one day, 114 bytes nvram
[    0.537627] i2c /dev entries driver
[    0.538076] device-mapper: uevent: version 1.0.3
[    0.538670] device-mapper: ioctl: 4.37.0-ioctl (2017-09-20) initialised: dm-devel@redhat.com
[    0.539711] ledtrig-cpu: registered to indicate activity on CPUs
[    0.540956] NET: Registered protocol family 10
[    0.543894] Segment Routing with IPv6
[    0.544382] NET: Registered protocol family 17
[    0.544955] Key type dns_resolver registered
[    0.545662] mce: Using 0 MCE banks
[    0.546088] RAS: Correctable Errors collector initialized.
[    0.546716] sched_clock: Marking stable (545634729, 0)->(777326204, -231691475)
[    0.547854] registered taskstats version 1
[    0.548373] Loading compiled-in X.509 certificates
[    0.550271] Loaded X.509 cert 'Build time autogenerated kernel key: cdc7189136aaa35407544516090e2034d9c28e14'
[    0.551761] Loaded X.509 cert 'Canonical Ltd. Live Patch Signing: 14df34d1a87cf37625abec039ef2bf521249b969'
[    0.553240] Loaded X.509 cert 'Canonical Ltd. Kernel Module Signing: 88f752e560a1e0737e31163a466ad7b70a850c19'
[    0.554337] blacklist: Loading compiled-in revocation X.509 certificates
[    0.555078] Loaded X.509 cert 'Canonical Ltd. Secure Boot Signing: 61482aa2830d0ab2ad5af10b7250da9033ddcef0'
[    0.556397] Loaded X.509 cert 'Canonical Ltd. Secure Boot Signing (2017): 242ade75ac4a15e50d50c84b0d45ff3eae707a03'
[    0.557670] Loaded X.509 cert 'Canonical Ltd. Secure Boot Signing (ESM 2018): 365188c1d374d6b07c3c8f240f8ef722433d6a8b'
[    0.558894] Loaded X.509 cert 'Canonical Ltd. Secure Boot Signing (2019): c0746fd6c5da3ae827864651ad66ae47fe24b3e8'
[    0.560039] Loaded X.509 cert 'Canonical Ltd. Secure Boot Signing (2021 v1): a8d54bbb3825cfb94fa13c9f8a594a195c107b8d'
[    0.561237] Loaded X.509 cert 'Canonical Ltd. Secure Boot Signing (2021 v2): 4cf046892d6fd3c9a5b03f98d845f90851dc6a8c'
[    0.562423] Loaded X.509 cert 'Canonical Ltd. Secure Boot Signing (2021 v3): 100437bb6de6e469b581e61cd66bce3ef4ed53af'
[    0.563594] Loaded X.509 cert 'Canonical Ltd. Secure Boot Signing (Ubuntu Core 2019): c1d57b8f6b743f23ee41f4f7ee292f06eecadfb9'
[    0.564865] zswap: loaded using pool lzo/zbud
[    0.567411] Key type big_key registered
[    0.567861] Key type trusted registered
[    0.569258] Key type encrypted registered
[    0.569740] AppArmor: AppArmor sha1 policy hashing enabled
[    0.570357] ima: No TPM chip found, activating TPM-bypass! (rc=-19)
[    0.571062] ima: Allocated hash algorithm: sha1
[    0.571593] evm: HMAC attrs: 0x1
[    0.572146]   Magic number: 12:64:619
[    0.572704] rtc_cmos rtc_cmos: setting system clock to 2024-06-26 05:38:08 UTC (1719380288)
[    0.573735] BIOS EDD facility v0.16 2004-Jun-25, 0 devices found
[    0.574400] EDD information not available.
[    0.711221] Freeing unused kernel image memory: 2480K
[    1.122127] Write protecting the kernel read-only data: 20480k
[    1.124145] Freeing unused kernel image memory: 2008K
[    1.126197] Freeing unused kernel image memory: 1820K
[    1.135975] x86/mm: Checked W+X mappings: passed, no W+X pages found.
Loading, please wait...
starting version 237
[    1.170693] e1000: Intel(R) PRO/1000 Network Driver - version 7.3.21-k8-NAPI
[    1.171662] e1000: Copyright (c) 1999-2006 Intel Corporation.
[    1.172839] Fusion MPT base driver 3.04.20
[    1.173447] Copyright (c) 1999-2008 LSI Corporation
[    1.176719] Fusion MPT SPI Host driver 3.04.20
[    1.186436] AVX2 version of gcm_enc/dec engaged.
[    1.187050] AES CTR mode by8 optimization enabled
[    1.381016] input: ImExPS/2 Generic Explorer Mouse as /devices/platform/i8042/serio1/input/input4
[    1.527797] e1000 0000:00:03.0 eth0: (PCI:33MHz:32-bit) 02:3b:7b:b7:3b:2d
[    1.528636] e1000 0000:00:03.0 eth0: Intel(R) PRO/1000 Network Connection
[    1.530401] e1000 0000:00:03.0 enp0s3: renamed from eth0
[    1.531148] mptbase: ioc0: Initiating bringup
[    2.340801] ioc0: LSI53C1030 A0: Capabilities={Initiator}
[    4.137899] scsi host2: ioc0: LSI53C1030 A0, FwRev=00000000h, Ports=1, MaxQ=256, IRQ=20
[    6.224635] scsi 2:0:0:0: Direct-Access     VBOX     HARDDISK         1.0  PQ: 0 ANSI: 5
[    6.417811] scsi target2:0:0: Beginning Domain Validation
[    6.419200] scsi target2:0:0: Domain Validation skipping write tests
[    6.420026] scsi target2:0:0: Ending Domain Validation
[    6.420758] scsi target2:0:0: asynchronous
[    6.421572] scsi 2:0:1:0: Direct-Access     VBOX     HARDDISK         1.0  PQ: 0 ANSI: 5
[    6.539901] scsi target2:0:1: Beginning Domain Validation
[    6.541569] scsi target2:0:1: Domain Validation skipping write tests
[    6.542580] scsi target2:0:1: Ending Domain Validation
[    6.543347] scsi target2:0:1: asynchronous
[    6.546415] sd 2:0:0:0: Attached scsi generic sg0 type 0
[    6.547367] sd 2:0:0:0: [sda] 83886080 512-byte logical blocks: (42.9 GB/40.0 GiB)
[    6.547623] sd 2:0:1:0: Attached scsi generic sg1 type 0
[    6.548580] sd 2:0:1:0: [sdb] 20480 512-byte logical blocks: (10.5 MB/10.0 MiB)
[    6.548594] sd 2:0:0:0: [sda] Write Protect is off
[    6.549221] sd 2:0:1:0: [sdb] Write Protect is off
[    6.551284] sd 2:0:1:0: [sdb] Incomplete mode parameter data
[    6.551292] sd 2:0:0:0: [sda] Incomplete mode parameter data
[    6.551911] sd 2:0:1:0: [sdb] Assuming drive cache: write through
[    6.552547] sd 2:0:0:0: [sda] Assuming drive cache: write through
[    6.554471]  sda: sda1
[    6.555294] sd 2:0:0:0: [sda] Attached SCSI disk
[    6.555930] sd 2:0:1:0: [sdb] Attached SCSI disk
Begin: Loading essential drivers ... [    7.900131] raid6: sse2x1   gen()  7980 MB/s
[    7.948349] raid6: sse2x1   xor()  7894 MB/s
[    7.996075] raid6: sse2x2   gen() 16721 MB/s
[    8.044317] raid6: sse2x2   xor() 10793 MB/s
[    8.092040] raid6: sse2x4   gen() 16724 MB/s
[    8.140283] raid6: sse2x4   xor()  9390 MB/s
[    8.188014] raid6: avx2x1   gen() 19912 MB/s
[    8.236234] raid6: avx2x1   xor() 14993 MB/s
[    8.284476] raid6: avx2x2   gen() 33021 MB/s
[    8.332200] raid6: avx2x2   xor() 20013 MB/s
[    8.380449] raid6: avx2x4   gen() 34517 MB/s
[    8.428173] raid6: avx2x4   xor() 15252 MB/s
[    8.428756] raid6: using algorithm avx2x4 gen() 34517 MB/s
[    8.429367] raid6: .... xor() 15252 MB/s, rmw enabled
[    8.429929] raid6: using avx2x2 recovery algorithm
[    8.431312] xor: automatically using best checksumming function   avx       
[    8.432851] async_tx: api initialized (async)
done.
Begin: Running /scripts/init-premount ... done.
Begin: Mounting root file system ... Begin: Running /scripts/local-top ... done.
Begin: Running /scripts/local-premount ... [    8.462765] Btrfs loaded, crc32c=crc32c-intel
Scanning for Btrfs filesystems
done.
Begin: Will now check root file system ... fsck from util-linux 2.31.1
[/sbin/fsck.ext4 (1) -- /dev/sda1] fsck.ext4 -a -C0 /dev/sda1 
cloudimg-rootfs: clean, 133201/5120000 files, 1363872/10485499 blocks
done.
[    8.488818] EXT4-fs (sda1): mounted filesystem with ordered data mode. Opts: (null)
done.
Begin: Running /scripts/local-bottom ... done.
Begin: Running /scripts/init-bottom ... done.
[    8.629894] ip_tables: (C) 2000-2006 Netfilter Core Team
[    8.636534] systemd[1]: systemd 237 running in system mode. (+PAM +AUDIT +SELINUX +IMA +APPARMOR +SMACK +SYSVINIT +UTMP +LIBCRYPTSETUP +GCRYPT +GNUTLS +ACL +XZ +LZ4 +SECCOMP +BLKID +ELFUTILS +KMOD -IDN2 +IDN -PCRE2 default-hierarchy=hybrid)
[    8.638840] systemd[1]: Detected virtualization oracle.
[    8.639473] systemd[1]: Detected architecture x86-64.

Welcome to [1mUbuntu 18.04.6 LTS[0m!

[    8.645050] systemd[1]: Set hostname to <ubuntu-bionic>.
[    8.830207] systemd[1]: Reached target Mounting snaps.
[[0;32m  OK  [0m] Reached target Mounting snaps.
[    8.831518] systemd[1]: Set up automount Arbitrary Executable File Formats File System Automount Point.
[[0;32m  OK  [0m] Set up automount Arbitrary Executab…rmats File System Automount Point.
[    8.834346] systemd[1]: Created slice User and Session Slice.
[[0;32m  OK  [0m] Created slice User and Session Slice.
[    8.835473] systemd[1]: Started Forward Password Requests to Wall Directory Watch.
[[0;32m  OK  [0m] Started Forward Password Requests to Wall Directory Watch.
[    8.836923] systemd[1]: Reached target User and Group Name Lookups.
[[0;32m  OK  [0m] Reached target User and Group Name Lookups.
[    8.838138] systemd[1]: Reached target Mounted snaps.
[[0;32m  OK  [0m] Reached target Mounted snaps.
[[0;32m  OK  [0m] Reached target Swap.
[[0;32m  OK  [0m] Created slice System Slice.
[[0;32m  OK  [0m] Listening on udev Control Socket.
[[0;32m  OK  [0m] Listening on Network Service Netlink Socket.
[[0;32m  OK  [0m] Listening on udev Kernel Socket.
[[0;32m  OK  [0m] Listening on LVM2 metadata daemon socket.
[[0;32m  OK  [0m] Listening on fsck to fsckd communication Socket.
[[0;32m  OK  [0m] Listening on Journal Socket (/dev/log).
[[0;32m  OK  [0m] Listening on Journal Socket.
         Mounting Kernel Debug File System...
         Starting Set the console keyboard layout...
         Mounting POSIX Message Queue File System...
         Starting Uncomplicated firewall...
         Starting Create list of required st…ce nodes for the current kernel...
         Starting udev Coldplug all Devices...
         Mounting Huge Pages File System...
[[0;32m  OK  [0m] Listening on /dev/initctl Compatibility Named Pipe.
[[0;32m  OK  [0m] Reached target Slices.
[[0;32m  OK  [0m] Listening on Syslog Socket.
[[0;32m  OK  [0m] Reached target System Time Synchronized.
[[0;32m  OK  [0m] Listening on Device-mapper event daemon FIFOs.
         Starting Monitoring of LVM2 mirrors…ng dmeventd or progress polling...
[[0;32m  OK  [0m] Created slice system-serial\x2dgetty.slice.
         Starting Load Kernel Modules...
[[0;32m  OK  [0m] Listening on LVM2 poll daemon socket.
[[0;32m  OK  [0m] Listening on Journal Audit Socket.
         Starting Journal Service...
         Starting Remount Root and Kernel File Systems...
[[0;32m  OK  [0m] Mounted Kernel Debug File System.
[[0;32m  OK  [0m] Mounted POSIX Message Queue File System.
[[0;32m  OK  [0m] Started Uncomplicated firewall.
[[0;32m  OK  [0m] Started Create list of required sta…vice nodes for the current kernel.
[[0;32m  OK  [0m] Mounted Huge Pages File System.
         Starting Create Static Device Nodes in /dev...
[[0;32m  OK  [0m] Started udev Coldplug all Devices.
[[0;32m  OK  [0m] Started LVM2 metadata daemon.
[    8.904442] Loading iSCSI transport class v2.0-870.
[    8.909224] iscsi: registered transport (tcp)
[    8.922822] iscsi: registered transport (iser)
[[0;32m  OK  [0m] Started Load Kernel Modules.
         Mounting Kernel Configuration File System...
         Starting Apply Kernel Variables...
         Mounting FUSE Control File System...
[[0;32m  OK  [0m] Mounted Kernel Configuration File System.
[[0;32m  OK  [0m] Mounted FUSE Control File System.
[[0;32m  OK  [0m] Started Journal Service.
[    8.952350] EXT4-fs (sda1): re-mounted. Opts: (null)
[[0;32m  OK  [0m] Started Create Static Device Nodes in /dev.
[[0;32m  OK  [0m] Started Remount Root and Kernel File Systems.
         Starting Load/Save Random Seed...
         Starting Flush Journal to Persistent Storage...
         Starting udev Kernel Device Manager...
[[0;32m  OK  [0m] Started Monitoring of LVM2 mirrors,…sing dmeventd or progress polling.
[[0;32m  OK  [0m] Started Load/Save Random Seed.
[[0;32m  OK  [0m] Started Apply Kernel Variables.
[[0;32m  OK  [0m] Started udev Kernel Device Manager.
[[0;32m  OK  [0m] Started Set the console keyboard layout.
[[0;32m  OK  [0m] Reached target Local File Systems (Pre).
[[0;32m  OK  [0m] Reached target Local File Systems.
         Starting Tell Plymouth To Write Out Runtime Data...
         Starting AppArmor initialization...
         Starting ebtables ruleset management...
         Starting Set console font and keymap...
[[0;32m  OK  [0m] Started Dispatch Password Requests to Console Directory Watch.
[[0;32m  OK  [0m] Reached target Local Encrypted Volumes.
[[0;32m  OK  [0m] Started Flush Journal to Persistent Storage.
         Starting Create Volatile Files and Directories...
[[0;32m  OK  [0m] Started Set console font and keymap.
[[0;32m  OK  [0m] Started Tell Plymouth To Write Out Runtime Data.
[[0;32m  OK  [0m] Started Create Volatile Files and Directories.
[[0;32m  OK  [0m] Found device /dev/ttyS0.
         Starting Update UTMP about System Boot/Shutdown...
[[0;32m  OK  [0m] Started Update UTMP about System Boot/Shutdown.
[[0;32m  OK  [0m] Started ebtables ruleset management.
[[0;32m  OK  [0m] Listening on Load/Save RF Kill Switch Status /dev/rfkill Watch.
[[0;32m  OK  [0m] Started AppArmor initialization.
         Starting Initial cloud-init job (pre-networking)...
         Starting Load AppArmor profiles managed internally by snapd...
         Mounting Arbitrary Executable File Formats File System...
[[0;32m  OK  [0m] Mounted Arbitrary Executable File Formats File System.
[[0;32m  OK  [0m] Started Load AppArmor profiles managed internally by snapd.
[   10.111191] cloud-init[639]: Cloud-init v. 23.1.2-0ubuntu0~18.04.1 running 'init-local' at Wed, 26 Jun 2024 05:38:17 +0000. Up 9.98 seconds.
[[0;32m  OK  [0m] Started Initial cloud-init job (pre-networking).
[[0;32m  OK  [0m] Reached target Network (Pre).
         Starting Network Service...
[[0;32m  OK  [0m] Started Network Service.
         Starting Wait for Network to be Configured...
         Starting Network Name Resolution...
[[0;32m  OK  [0m] Started Network Name Resolution.
[[0;32m  OK  [0m] Reached target Host and Network Name Lookups.
[[0;32m  OK  [0m] Started Wait for Network to be Configured.
         Starting Initial cloud-init job (metadata service crawler)...
[   12.481923] cloud-init[771]: Cloud-init v. 23.1.2-0ubuntu0~18.04.1 running 'init' at Wed, 26 Jun 2024 05:38:20 +0000. Up 12.39 seconds.
[   12.482998] cloud-init[771]: ci-info: ++++++++++++++++++++++++++++++++++++++Net device info++++++++++++++++++++++++++++++++++++++
[   12.483991] cloud-init[771]: ci-info: +--------+------+----------------------------+---------------+--------+-------------------+
[   12.484882] cloud-init[771]: ci-info: | Device |  Up  |          Address           |      Mask     | Scope  |     Hw-Address    |
[   12.485785] cloud-init[771]: ci-info: +--------+------+----------------------------+---------------+--------+-------------------+
[   12.486665] cloud-init[771]: ci-info: | enp0s3 | True |         10.0.2.15          | 255.255.255.0 | global | 02:3b:7b:b7:3b:2d |
[   12.487787] cloud-init[771]: ci-info: | enp0s3 | True | fe80::3b:7bff:feb7:3b2d/64 |       .       |  link  | 02:3b:7b:b7:3b:2d |
[   12.488727] cloud-init[771]: ci-info: |   lo   | True |         127.0.0.1          |   255.0.0.0   |  host  |         .         |
[   12.489706] cloud-init[771]: ci-info: |   lo   | True |          ::1/128           |       .       |  host  |         .         |
[   12.490643] cloud-init[771]: ci-info: +--------+------+----------------------------+---------------+--------+-------------------+
[   12.491568] cloud-init[771]: ci-info: ++++++++++++++++++++++++++++Route IPv4 info+++++++++++++++++++++++++++++
[   12.492434] cloud-init[771]: ci-info: +-------+-------------+----------+-----------------+-----------+-------+
[   12.493269] cloud-init[771]: ci-info: | Route | Destination | Gateway  |     Genmask     | Interface | Flags |
[   12.494013] cloud-init[771]: ci-info: +-------+-------------+----------+-----------------+-----------+-------+
[   12.494847] cloud-init[771]: ci-info: |   0   |   0.0.0.0   | 10.0.2.2 |     0.0.0.0     |   enp0s3  |   UG  |
[   12.495705] cloud-init[771]: ci-info: |   1   |   10.0.2.0  | 0.0.0.0  |  255.255.255.0  |   enp0s3  |   U   |
[   12.496598] cloud-init[771]: ci-info: |   2   |   10.0.2.2  | 0.0.0.0  | 255.255.255.255 |   enp0s3  |   UH  |
[   12.497481] cloud-init[771]: ci-info: +-------+-------------+----------+-----------------+-----------+-------+
[   12.498513] cloud-init[771]: ci-info: +++++++++++++++++++Route IPv6 info+++++++++++++++++++
[   12.499263] cloud-init[771]: ci-info: +-------+-------------+---------+-----------+-------+
[   12.500014] cloud-init[771]: ci-info: | Route | Destination | Gateway | Interface | Flags |
[   12.500772] cloud-init[771]: ci-info: +-------+-------------+---------+-----------+-------+
[   12.501512] cloud-init[771]: ci-info: |   1   |  fe80::/64  |    ::   |   enp0s3  |   U   |
[   12.502275] cloud-init[771]: ci-info: |   3   |    local    |    ::   |   enp0s3  |   U   |
[   12.503028] cloud-init[771]: ci-info: |   4   |   ff00::/8  |    ::   |   enp0s3  |   U   |
[   12.503775] cloud-init[771]: ci-info: +-------+-------------+---------+-----------+-------+
[[0;32m  OK  [0m] Started Initial cloud-init job (metadata service crawler).
[[0;32m  OK  [0m] Reached target System Initialization.
         Starting Socket activation for snappy daemon.
[[0;32m  OK  [0m] Listening on UUID daemon activation socket.
[[0;32m  OK  [0m] Started ACPI Events Check.
[[0;32m  OK  [0m] Started Daily Cleanup of Temporary Directories.
[[0;32m  OK  [0m] Listening on cloud-init hotplug hook socket.
[[0;32m  OK  [0m] Started Daily apt download activities.
[[0;32m  OK  [0m] Started Daily apt upgrade and clean activities.
         Starting LXD - unix socket.
[[0;32m  OK  [0m] Listening on ACPID Listen Socket.
[[0;32m  OK  [0m] Started Discard unused blocks once a week.
[[0;32m  OK  [0m] Started Message of the Day.
[[0;32m  OK  [0m] Reached target Paths.
[[0;32m  OK  [0m] Listening on D-Bus System Message Bus Socket.
[[0;32m  OK  [0m] Started Trigger anacron every hour.
         Starting Docker Socket for the API.
[[0;32m  OK  [0m] Listening on Open-iSCSI iscsid Socket.
[[0;32m  OK  [0m] Reached target Timers.
[[0;32m  OK  [0m] Reached target Cloud-config availability.
[[0;32m  OK  [0m] Listening on Socket activation for snappy daemon.
[[0;32m  OK  [0m] Listening on LXD - unix socket.
[[0;32m  OK  [0m] Listening on Docker Socket for the API.
[[0;32m  OK  [0m] Reached target Sockets.
[[0;32m  OK  [0m] Reached target Basic System.
[[0;32m  OK  [0m] Reached target Login Prompts (Pre).
         Starting Detect the available GPUs and deal with any system changes...
         Starting System Logging Service...
         Starting LXD - container startup/shutdown...
         Starting Disk Manager...
[[0;32m  OK  [0m] Started Run anacron jobs.
         Starting LSB: Record successful boot for GRUB...
         Starting Virtualbox guest utils...
[[0;32m  OK  [0m] Started irqbalance daemon.
[[0;32m  OK  [0m] Started Regular background program processing daemon.
         Starting Dispatcher daemon for systemd-networkd...
         Starting Snap Daemon...
[[0;32m  OK  [0m] Started Deferred execution scheduler.
         Starting Accounts Service...
[[0;32m  OK  [0m] Started D-Bus System Message Bus.
         Starting WPA supplicant...
         Starting Network Manager...
         Starting Login Service...
[[0;32m  OK  [0m] Started FUSE filesystem for LXC.
[[0;32m  OK  [0m] Started System Logging Service.
[[0;32m  OK  [0m] Started Detect the available GPUs and deal with any system changes.
[[0;32m  OK  [0m] Started LXD - container startup/shutdown.
[[0;32m  OK  [0m] Started WPA supplicant.
[[0;32m  OK  [0m] Started Login Service.
         Starting Authorization Manager...
[[0;32m  OK  [0m] Started Dispatcher daemon for systemd-networkd.
[[0;32m  OK  [0m] Started Authorization Manager.
[[0;32m  OK  [0m] Started Accounts Service.
[[0;32m  OK  [0m] Started Virtualbox guest utils.
[[0;32m  OK  [0m] Started LSB: Record successful boot for GRUB.
         Starting Hostname Service...
[[0;32m  OK  [0m] Started Disk Manager.
[[0;32m  OK  [0m] Started Hostname Service.
[[0;32m  OK  [0m] Started Network Manager.
[[0;32m  OK  [0m] Reached target Network.
         Starting containerd container runtime...
[[0;32m  OK  [0m] Started Unattended Upgrades Shutdown.
         Starting Network Manager Wait Online...
         Starting Network Manager Script Dispatcher Service...
[[0;32m  OK  [0m] Started Network Manager Script Dispatcher Service.
[[0;32m  OK  [0m] Started Network Manager Wait Online.
[[0;32m  OK  [0m] Reached target Network is Online.
         Starting OpenBSD Secure Shell server...
         Starting Availability of block devices...
[[0;32m  OK  [0m] Reached target Remote File Systems (Pre).
         Mounting /vagrant...
[[0;32m  OK  [0m] Started Availability of block devices.
[[0;32m  OK  [0m] Started OpenBSD Secure Shell server.
[[0;32m  OK  [0m] Started Snap Daemon.
[[0;32m  OK  [0m] Mounted /vagrant.
[[0;32m  OK  [0m] Reached target Remote File Systems.
         Starting Permit User Sessions...
         Starting LSB: automatic crash report generation...
         Starting Wait until snapd is fully seeded...
[[0;32m  OK  [0m] Started Permit User Sessions.
         Starting GNOME Display Manager...
         Starting Hold until boot process finishes up...
         Starting Time & Date Service...
[[0;32m  OK  [0m] Started Hold until boot process finishes up.
         Starting Set console scheme...
[[0;32m  OK  [0m] Started Serial Getty on ttyS0.
[[0;32m  OK  [0m] Reached target Login Prompts.
[[0;32m  OK  [0m] Started Set console scheme.
[[0;32m  OK  [0m] Created slice system-getty.slice.
[[0;32m  OK  [0m] Started Time & Date Service.
[[0;32m  OK  [0m] Started LSB: automatic crash report generation.
[[0;32m  OK  [0m] Started containerd container runtime.
         Starting Docker Application Container Engine...
[[0;32m  OK  [0m] Started GNOME Display Manager.
[[0;32m  OK  [0m] Started Wait until snapd is fully seeded.
         Starting Apply the settings specified in cloud-config...
[[0;32m  OK  [0m] Created slice User Slice of gdm.
         Starting User Manager for UID 114...
[[0;32m  OK  [0m] Started Session c1 of user gdm.
[   14.247264] cloud-init[1512]: Cloud-init v. 23.1.2-0ubuntu0~18.04.1 running 'modules:config' at Wed, 26 Jun 2024 05:38:22 +0000. Up 14.16 seconds.
[[0;32m  OK  [0m] Started Apply the settings specified in cloud-config.
[[0;32m  OK  [0m] Started User Manager for UID 114.
         Starting Daemon for power management...
[[0;32m  OK  [0m] Started Daemon for power management.
         Starting Locale Service...
[[0;32m  OK  [0m] Started Locale Service.
[[0;32m  OK  [0m] Started Docker Application Container Engine.
[[0;32m  OK  [0m] Reached target Multi-User System.
         Starting Execute cloud user/final scripts...
[[0;32m  OK  [0m] Reached target Graphical Interface.
         Starting Update UTMP about System Runlevel Changes...
[[0;32m  OK  [0m] Started Update UTMP about System Runlevel Changes.
         Starting Location Lookup Service...
[[0;32m  OK  [0m] Started Location Lookup Service.
         Starting PackageKit Daemon...
[[0;32m  OK  [0m] Started PackageKit Daemon.
[   16.925045] cloud-init[1874]: Cloud-init v. 23.1.2-0ubuntu0~18.04.1 running 'modules:final' at Wed, 26 Jun 2024 05:38:24 +0000. Up 16.83 seconds.
[   16.926304] cloud-init[1874]: Cloud-init v. 23.1.2-0ubuntu0~18.04.1 finished at Wed, 26 Jun 2024 05:38:24 +0000. Datasource DataSourceNoCloud [seed=/dev/sdb][dsmode=net].  Up 16.92 seconds
[[0;32m  OK  [0m] Started Execute cloud user/final scripts.
[[0;32m  OK  [0m] Reached target Cloud-init target.

Ubuntu 18.04.6 LTS ubuntu-bionic ttyS0

ubuntu-bionic login: 